{"meta": {"format": 3, "version": "7.8.2", "timestamp": "2025-06-10T00:08:37.376747", "branch_coverage": false, "show_contexts": false}, "files": {"src/nakala_client/__init__.py": {"executed_lines": [1, 8, 9, 11, 12, 13, 16, 17, 19], "summary": {"covered_lines": 8, "num_statements": 8, "percent_covered": 100.0, "percent_covered_display": "100", "missing_lines": 0, "excluded_lines": 0}, "missing_lines": [], "excluded_lines": [], "functions": {"": {"executed_lines": [1, 8, 9, 11, 12, 13, 16, 17, 19], "summary": {"covered_lines": 8, "num_statements": 8, "percent_covered": 100.0, "percent_covered_display": "100", "missing_lines": 0, "excluded_lines": 0}, "missing_lines": [], "excluded_lines": []}}, "classes": {"": {"executed_lines": [1, 8, 9, 11, 12, 13, 16, 17, 19], "summary": {"covered_lines": 8, "num_statements": 8, "percent_covered": 100.0, "percent_covered_display": "100", "missing_lines": 0, "excluded_lines": 0}, "missing_lines": [], "excluded_lines": []}}}, "src/nakala_client/auth/__init__.py": {"executed_lines": [], "summary": {"covered_lines": 0, "num_statements": 6, "percent_covered": 0.0, "percent_covered_display": "0", "missing_lines": 6, "excluded_lines": 0}, "missing_lines": [6, 7, 8, 9, 10, 12], "excluded_lines": [], "functions": {"": {"executed_lines": [], "summary": {"covered_lines": 0, "num_statements": 6, "percent_covered": 0.0, "percent_covered_display": "0", "missing_lines": 6, "excluded_lines": 0}, "missing_lines": [6, 7, 8, 9, 10, 12], "excluded_lines": []}}, "classes": {"": {"executed_lines": [], "summary": {"covered_lines": 0, "num_statements": 6, "percent_covered": 0.0, "percent_covered_display": "0", "missing_lines": 6, "excluded_lines": 0}, "missing_lines": [6, 7, 8, 9, 10, 12], "excluded_lines": []}}}, "src/nakala_client/auth/auth_middleware.py": {"executed_lines": [], "summary": {"covered_lines": 0, "num_statements": 190, "percent_covered": 0.0, "percent_covered_display": "0", "missing_lines": 190, "excluded_lines": 0}, "missing_lines": [6, 7, 8, 9, 10, 11, 12, 13, 14, 16, 17, 18, 20, 23, 26, 29, 32, 35, 38, 39, 40, 41, 42, 44, 46, 48, 49, 50, 53, 55, 57, 58, 59, 62, 63, 65, 83, 85, 86, 87, 90, 100, 101, 102, 103, 106, 107, 108, 111, 112, 113, 114, 115, 116, 118, 120, 137, 138, 139, 140, 141, 142, 145, 146, 147, 150, 151, 152, 153, 154, 155, 157, 159, 161, 162, 164, 165, 167, 168, 169, 171, 172, 173, 175, 176, 178, 180, 182, 184, 185, 188, 189, 190, 192, 193, 195, 197, 201, 211, 213, 224, 225, 226, 228, 231, 232, 233, 234, 235, 238, 239, 240, 241, 245, 246, 248, 249, 252, 253, 256, 257, 260, 261, 262, 265, 270, 272, 274, 276, 278, 286, 287, 288, 289, 291, 293, 294, 295, 298, 299, 300, 304, 305, 309, 310, 313, 314, 319, 320, 324, 325, 327, 329, 331, 339, 340, 342, 343, 344, 345, 347, 348, 355, 356, 358, 360, 368, 378, 379, 381, 382, 384, 388, 390, 391, 394, 396, 397, 400, 402, 403, 408, 410, 411, 414, 416, 417, 420, 422, 423], "excluded_lines": [], "functions": {"AuthMiddleware.__init__": {"executed_lines": [], "summary": {"covered_lines": 0, "num_statements": 4, "percent_covered": 0.0, "percent_covered_display": "0", "missing_lines": 4, "excluded_lines": 0}, "missing_lines": [39, 40, 41, 42], "excluded_lines": []}, "AuthMiddleware._get_or_create_jwt_secret": {"executed_lines": [], "summary": {"covered_lines": 0, "num_statements": 11, "percent_covered": 0.0, "percent_covered_display": "0", "missing_lines": 11, "excluded_lines": 0}, "missing_lines": [46, 48, 49, 50, 53, 55, 57, 58, 59, 62, 63], "excluded_lines": []}, "AuthMiddleware.authenticate_cli": {"executed_lines": [], "summary": {"covered_lines": 0, "num_statements": 19, "percent_covered": 0.0, "percent_covered_display": "0", "missing_lines": 19, "excluded_lines": 0}, "missing_lines": [83, 85, 86, 87, 90, 100, 101, 102, 103, 106, 107, 108, 111, 112, 113, 114, 115, 116, 118], "excluded_lines": []}, "AuthMiddleware.authenticate_web": {"executed_lines": [], "summary": {"covered_lines": 0, "num_statements": 16, "percent_covered": 0.0, "percent_covered_display": "0", "missing_lines": 16, "excluded_lines": 0}, "missing_lines": [137, 138, 139, 140, 141, 142, 145, 146, 147, 150, 151, 152, 153, 154, 155, 157], "excluded_lines": []}, "AuthMiddleware._validate_jwt_token": {"executed_lines": [], "summary": {"covered_lines": 0, "num_statements": 13, "percent_covered": 0.0, "percent_covered_display": "0", "missing_lines": 13, "excluded_lines": 0}, "missing_lines": [161, 162, 164, 165, 167, 168, 169, 171, 172, 173, 175, 176, 178], "excluded_lines": []}, "AuthMiddleware._validate_session_cookie": {"executed_lines": [], "summary": {"covered_lines": 0, "num_statements": 9, "percent_covered": 0.0, "percent_covered_display": "0", "missing_lines": 9, "excluded_lines": 0}, "missing_lines": [182, 184, 185, 188, 189, 190, 192, 193, 195], "excluded_lines": []}, "AuthMiddleware.create_jwt_token": {"executed_lines": [], "summary": {"covered_lines": 0, "num_statements": 2, "percent_covered": 0.0, "percent_covered_display": "0", "missing_lines": 2, "excluded_lines": 0}, "missing_lines": [201, 211], "excluded_lines": []}, "AuthMiddleware.require_auth": {"executed_lines": [], "summary": {"covered_lines": 0, "num_statements": 3, "percent_covered": 0.0, "percent_covered_display": "0", "missing_lines": 3, "excluded_lines": 0}, "missing_lines": [224, 225, 276], "excluded_lines": []}, "AuthMiddleware.require_auth.decorator": {"executed_lines": [], "summary": {"covered_lines": 0, "num_statements": 2, "percent_covered": 0.0, "percent_covered_display": "0", "missing_lines": 2, "excluded_lines": 0}, "missing_lines": [226, 274], "excluded_lines": []}, "AuthMiddleware.require_auth.decorator.wrapper": {"executed_lines": [], "summary": {"covered_lines": 0, "num_statements": 24, "percent_covered": 0.0, "percent_covered_display": "0", "missing_lines": 24, "excluded_lines": 0}, "missing_lines": [228, 231, 232, 233, 234, 235, 238, 239, 240, 241, 245, 246, 248, 249, 252, 253, 256, 257, 260, 261, 262, 265, 270, 272], "excluded_lines": []}, "AuthMiddleware.require_institutional_auth": {"executed_lines": [], "summary": {"covered_lines": 0, "num_statements": 3, "percent_covered": 0.0, "percent_covered_display": "0", "missing_lines": 3, "excluded_lines": 0}, "missing_lines": [286, 287, 329], "excluded_lines": []}, "AuthMiddleware.require_institutional_auth.decorator": {"executed_lines": [], "summary": {"covered_lines": 0, "num_statements": 2, "percent_covered": 0.0, "percent_covered_display": "0", "missing_lines": 2, "excluded_lines": 0}, "missing_lines": [288, 327], "excluded_lines": []}, "AuthMiddleware.require_institutional_auth.decorator.wrapper": {"executed_lines": [], "summary": {"covered_lines": 0, "num_statements": 18, "percent_covered": 0.0, "percent_covered_display": "0", "missing_lines": 18, "excluded_lines": 0}, "missing_lines": [289, 291, 293, 294, 295, 298, 299, 300, 304, 305, 309, 310, 313, 314, 319, 320, 324, 325], "excluded_lines": []}, "AuthMiddleware.get_user_context": {"executed_lines": [], "summary": {"covered_lines": 0, "num_statements": 11, "percent_covered": 0.0, "percent_covered_display": "0", "missing_lines": 11, "excluded_lines": 0}, "missing_lines": [339, 340, 342, 343, 344, 345, 347, 348, 355, 356, 358], "excluded_lines": []}, "AuthMiddleware.log_user_activity": {"executed_lines": [], "summary": {"covered_lines": 0, "num_statements": 6, "percent_covered": 0.0, "percent_covered_display": "0", "missing_lines": 6, "excluded_lines": 0}, "missing_lines": [368, 378, 379, 381, 382, 384], "excluded_lines": []}, "require_researcher_role": {"executed_lines": [], "summary": {"covered_lines": 0, "num_statements": 2, "percent_covered": 0.0, "percent_covered_display": "0", "missing_lines": 2, "excluded_lines": 0}, "missing_lines": [390, 391], "excluded_lines": []}, "require_admin_role": {"executed_lines": [], "summary": {"covered_lines": 0, "num_statements": 2, "percent_covered": 0.0, "percent_covered_display": "0", "missing_lines": 2, "excluded_lines": 0}, "missing_lines": [396, 397], "excluded_lines": []}, "require_collection_permissions": {"executed_lines": [], "summary": {"covered_lines": 0, "num_statements": 2, "percent_covered": 0.0, "percent_covered_display": "0", "missing_lines": 2, "excluded_lines": 0}, "missing_lines": [402, 403], "excluded_lines": []}, "require_upload_permissions": {"executed_lines": [], "summary": {"covered_lines": 0, "num_statements": 2, "percent_covered": 0.0, "percent_covered_display": "0", "missing_lines": 2, "excluded_lines": 0}, "missing_lines": [410, 411], "excluded_lines": []}, "require_efeo_auth": {"executed_lines": [], "summary": {"covered_lines": 0, "num_statements": 2, "percent_covered": 0.0, "percent_covered_display": "0", "missing_lines": 2, "excluded_lines": 0}, "missing_lines": [416, 417], "excluded_lines": []}, "require_bnf_auth": {"executed_lines": [], "summary": {"covered_lines": 0, "num_statements": 2, "percent_covered": 0.0, "percent_covered_display": "0", "missing_lines": 2, "excluded_lines": 0}, "missing_lines": [422, 423], "excluded_lines": []}, "": {"executed_lines": [], "summary": {"covered_lines": 0, "num_statements": 35, "percent_covered": 0.0, "percent_covered_display": "0", "missing_lines": 35, "excluded_lines": 0}, "missing_lines": [6, 7, 8, 9, 10, 11, 12, 13, 14, 16, 17, 18, 20, 23, 26, 29, 32, 35, 38, 44, 65, 120, 159, 180, 197, 213, 278, 331, 360, 388, 394, 400, 408, 414, 420], "excluded_lines": []}}, "classes": {"AuthenticationError": {"executed_lines": [], "summary": {"covered_lines": 0, "num_statements": 0, "percent_covered": 100.0, "percent_covered_display": "100", "missing_lines": 0, "excluded_lines": 0}, "missing_lines": [], "excluded_lines": []}, "AuthorizationError": {"executed_lines": [], "summary": {"covered_lines": 0, "num_statements": 0, "percent_covered": 100.0, "percent_covered_display": "100", "missing_lines": 0, "excluded_lines": 0}, "missing_lines": [], "excluded_lines": []}, "AuthMiddleware": {"executed_lines": [], "summary": {"covered_lines": 0, "num_statements": 143, "percent_covered": 0.0, "percent_covered_display": "0", "missing_lines": 143, "excluded_lines": 0}, "missing_lines": [39, 40, 41, 42, 46, 48, 49, 50, 53, 55, 57, 58, 59, 62, 63, 83, 85, 86, 87, 90, 100, 101, 102, 103, 106, 107, 108, 111, 112, 113, 114, 115, 116, 118, 137, 138, 139, 140, 141, 142, 145, 146, 147, 150, 151, 152, 153, 154, 155, 157, 161, 162, 164, 165, 167, 168, 169, 171, 172, 173, 175, 176, 178, 182, 184, 185, 188, 189, 190, 192, 193, 195, 201, 211, 224, 225, 226, 228, 231, 232, 233, 234, 235, 238, 239, 240, 241, 245, 246, 248, 249, 252, 253, 256, 257, 260, 261, 262, 265, 270, 272, 274, 276, 286, 287, 288, 289, 291, 293, 294, 295, 298, 299, 300, 304, 305, 309, 310, 313, 314, 319, 320, 324, 325, 327, 329, 339, 340, 342, 343, 344, 345, 347, 348, 355, 356, 358, 368, 378, 379, 381, 382, 384], "excluded_lines": []}, "": {"executed_lines": [], "summary": {"covered_lines": 0, "num_statements": 47, "percent_covered": 0.0, "percent_covered_display": "0", "missing_lines": 47, "excluded_lines": 0}, "missing_lines": [6, 7, 8, 9, 10, 11, 12, 13, 14, 16, 17, 18, 20, 23, 26, 29, 32, 35, 38, 44, 65, 120, 159, 180, 197, 213, 278, 331, 360, 388, 390, 391, 394, 396, 397, 400, 402, 403, 408, 410, 411, 414, 416, 417, 420, 422, 423], "excluded_lines": []}}}, "src/nakala_client/auth/institutional_auth.py": {"executed_lines": [], "summary": {"covered_lines": 0, "num_statements": 195, "percent_covered": 0.0, "percent_covered_display": "0", "missing_lines": 195, "excluded_lines": 0}, "missing_lines": [6, 7, 8, 9, 10, 11, 12, 13, 15, 17, 20, 23, 24, 25, 26, 27, 28, 29, 30, 31, 34, 35, 38, 39, 40, 41, 42, 43, 44, 45, 46, 47, 48, 50, 51, 53, 55, 56, 58, 60, 61, 63, 75, 76, 78, 92, 93, 96, 97, 98, 99, 100, 101, 102, 103, 106, 107, 108, 109, 111, 112, 114, 226, 229, 230, 233, 234, 235, 236, 239, 242, 243, 245, 247, 248, 249, 250, 253, 254, 257, 258, 260, 261, 262, 264, 266, 267, 290, 291, 293, 294, 296, 298, 299, 300, 301, 302, 303, 304, 308, 312, 313, 325, 327, 328, 331, 332, 334, 335, 338, 342, 354, 357, 358, 360, 361, 364, 367, 369, 371, 375, 378, 380, 382, 391, 392, 393, 396, 397, 400, 401, 402, 407, 411, 413, 415, 416, 417, 418, 420, 421, 423, 428, 448, 449, 451, 453, 455, 456, 457, 458, 459, 461, 481, 482, 484, 485, 487, 490, 491, 493, 495, 496, 497, 498, 500, 501, 502, 504, 505, 507, 509, 513, 516, 517, 520, 529, 531, 533, 535, 537, 539, 546, 548, 549, 550, 553, 554, 555, 557, 559, 563, 564, 565, 566], "excluded_lines": [], "functions": {"UserProfile.is_admin": {"executed_lines": [], "summary": {"covered_lines": 0, "num_statements": 1, "percent_covered": 0.0, "percent_covered_display": "0", "missing_lines": 1, "excluded_lines": 0}, "missing_lines": [53], "excluded_lines": []}, "UserProfile.is_researcher": {"executed_lines": [], "summary": {"covered_lines": 0, "num_statements": 1, "percent_covered": 0.0, "percent_covered_display": "0", "missing_lines": 1, "excluded_lines": 0}, "missing_lines": [58], "excluded_lines": []}, "UserProfile.can_manage_collections": {"executed_lines": [], "summary": {"covered_lines": 0, "num_statements": 1, "percent_covered": 0.0, "percent_covered_display": "0", "missing_lines": 1, "excluded_lines": 0}, "missing_lines": [63], "excluded_lines": []}, "UserProfile.can_upload_data": {"executed_lines": [], "summary": {"covered_lines": 0, "num_statements": 1, "percent_covered": 0.0, "percent_covered_display": "0", "missing_lines": 1, "excluded_lines": 0}, "missing_lines": [78], "excluded_lines": []}, "InstitutionalPolicy.get_default_policies": {"executed_lines": [], "summary": {"covered_lines": 0, "num_statements": 1, "percent_covered": 0.0, "percent_covered_display": "0", "missing_lines": 1, "excluded_lines": 0}, "missing_lines": [114], "excluded_lines": []}, "InstitutionalAuthManager.__init__": {"executed_lines": [], "summary": {"covered_lines": 0, "num_statements": 8, "percent_covered": 0.0, "percent_covered_display": "0", "missing_lines": 8, "excluded_lines": 0}, "missing_lines": [230, 233, 234, 235, 236, 239, 242, 243], "excluded_lines": []}, "InstitutionalAuthManager._load_configuration": {"executed_lines": [], "summary": {"covered_lines": 0, "num_statements": 11, "percent_covered": 0.0, "percent_covered_display": "0", "missing_lines": 11, "excluded_lines": 0}, "missing_lines": [247, 248, 249, 250, 253, 254, 257, 258, 260, 261, 262], "excluded_lines": []}, "InstitutionalAuthManager._save_configuration": {"executed_lines": [], "summary": {"covered_lines": 0, "num_statements": 6, "percent_covered": 0.0, "percent_covered_display": "0", "missing_lines": 6, "excluded_lines": 0}, "missing_lines": [266, 267, 290, 291, 293, 294], "excluded_lines": []}, "InstitutionalAuthManager._initialize_providers": {"executed_lines": [], "summary": {"covered_lines": 0, "num_statements": 7, "percent_covered": 0.0, "percent_covered_display": "0", "missing_lines": 7, "excluded_lines": 0}, "missing_lines": [298, 299, 300, 301, 302, 303, 304], "excluded_lines": []}, "InstitutionalAuthManager.authenticate_user": {"executed_lines": [], "summary": {"covered_lines": 0, "num_statements": 19, "percent_covered": 0.0, "percent_covered_display": "0", "missing_lines": 19, "excluded_lines": 0}, "missing_lines": [312, 313, 325, 327, 328, 331, 332, 334, 335, 338, 342, 354, 357, 358, 360, 361, 364, 367, 369], "excluded_lines": []}, "InstitutionalAuthManager._create_or_update_user": {"executed_lines": [], "summary": {"covered_lines": 0, "num_statements": 14, "percent_covered": 0.0, "percent_covered_display": "0", "missing_lines": 14, "excluded_lines": 0}, "missing_lines": [375, 378, 380, 382, 391, 392, 393, 396, 397, 400, 401, 402, 407, 411], "excluded_lines": []}, "InstitutionalAuthManager._load_user_profile": {"executed_lines": [], "summary": {"covered_lines": 0, "num_statements": 11, "percent_covered": 0.0, "percent_covered_display": "0", "missing_lines": 11, "excluded_lines": 0}, "missing_lines": [415, 416, 417, 418, 420, 421, 423, 428, 448, 449, 451], "excluded_lines": []}, "InstitutionalAuthManager._save_user_profile": {"executed_lines": [], "summary": {"covered_lines": 0, "num_statements": 10, "percent_covered": 0.0, "percent_covered_display": "0", "missing_lines": 10, "excluded_lines": 0}, "missing_lines": [455, 456, 457, 458, 459, 461, 481, 482, 484, 485], "excluded_lines": []}, "InstitutionalAuthManager._generate_api_key": {"executed_lines": [], "summary": {"covered_lines": 0, "num_statements": 2, "percent_covered": 0.0, "percent_covered_display": "0", "missing_lines": 2, "excluded_lines": 0}, "missing_lines": [490, 491], "excluded_lines": []}, "InstitutionalAuthManager.get_user_by_api_key": {"executed_lines": [], "summary": {"covered_lines": 0, "num_statements": 10, "percent_covered": 0.0, "percent_covered_display": "0", "missing_lines": 10, "excluded_lines": 0}, "missing_lines": [495, 496, 497, 498, 500, 501, 502, 504, 505, 507], "excluded_lines": []}, "InstitutionalAuthManager.validate_user_permissions": {"executed_lines": [], "summary": {"covered_lines": 0, "num_statements": 5, "percent_covered": 0.0, "percent_covered_display": "0", "missing_lines": 5, "excluded_lines": 0}, "missing_lines": [513, 516, 517, 520, 529], "excluded_lines": []}, "InstitutionalAuthManager.get_institution_policy": {"executed_lines": [], "summary": {"covered_lines": 0, "num_statements": 1, "percent_covered": 0.0, "percent_covered_display": "0", "missing_lines": 1, "excluded_lines": 0}, "missing_lines": [533], "excluded_lines": []}, "InstitutionalAuthManager.list_supported_institutions": {"executed_lines": [], "summary": {"covered_lines": 0, "num_statements": 1, "percent_covered": 0.0, "percent_covered_display": "0", "missing_lines": 1, "excluded_lines": 0}, "missing_lines": [537], "excluded_lines": []}, "InstitutionalAuthManager.add_institution": {"executed_lines": [], "summary": {"covered_lines": 0, "num_statements": 8, "percent_covered": 0.0, "percent_covered_display": "0", "missing_lines": 8, "excluded_lines": 0}, "missing_lines": [546, 548, 549, 550, 553, 554, 555, 557], "excluded_lines": []}, "InstitutionalAuthManager.get_auth_url": {"executed_lines": [], "summary": {"covered_lines": 0, "num_statements": 4, "percent_covered": 0.0, "percent_covered_display": "0", "missing_lines": 4, "excluded_lines": 0}, "missing_lines": [563, 564, 565, 566], "excluded_lines": []}, "": {"executed_lines": [], "summary": {"covered_lines": 0, "num_statements": 73, "percent_covered": 0.0, "percent_covered_display": "0", "missing_lines": 73, "excluded_lines": 0}, "missing_lines": [6, 7, 8, 9, 10, 11, 12, 13, 15, 17, 20, 23, 24, 25, 26, 27, 28, 29, 30, 31, 34, 35, 38, 39, 40, 41, 42, 43, 44, 45, 46, 47, 48, 50, 51, 55, 56, 60, 61, 75, 76, 92, 93, 96, 97, 98, 99, 100, 101, 102, 103, 106, 107, 108, 109, 111, 112, 226, 229, 245, 264, 296, 308, 371, 413, 453, 487, 493, 509, 531, 535, 539, 559], "excluded_lines": []}}, "classes": {"InstitutionalRole": {"executed_lines": [], "summary": {"covered_lines": 0, "num_statements": 0, "percent_covered": 100.0, "percent_covered_display": "100", "missing_lines": 0, "excluded_lines": 0}, "missing_lines": [], "excluded_lines": []}, "UserProfile": {"executed_lines": [], "summary": {"covered_lines": 0, "num_statements": 4, "percent_covered": 0.0, "percent_covered_display": "0", "missing_lines": 4, "excluded_lines": 0}, "missing_lines": [53, 58, 63, 78], "excluded_lines": []}, "InstitutionalPolicy": {"executed_lines": [], "summary": {"covered_lines": 0, "num_statements": 1, "percent_covered": 0.0, "percent_covered_display": "0", "missing_lines": 1, "excluded_lines": 0}, "missing_lines": [114], "excluded_lines": []}, "InstitutionalAuthManager": {"executed_lines": [], "summary": {"covered_lines": 0, "num_statements": 117, "percent_covered": 0.0, "percent_covered_display": "0", "missing_lines": 117, "excluded_lines": 0}, "missing_lines": [230, 233, 234, 235, 236, 239, 242, 243, 247, 248, 249, 250, 253, 254, 257, 258, 260, 261, 262, 266, 267, 290, 291, 293, 294, 298, 299, 300, 301, 302, 303, 304, 312, 313, 325, 327, 328, 331, 332, 334, 335, 338, 342, 354, 357, 358, 360, 361, 364, 367, 369, 375, 378, 380, 382, 391, 392, 393, 396, 397, 400, 401, 402, 407, 411, 415, 416, 417, 418, 420, 421, 423, 428, 448, 449, 451, 455, 456, 457, 458, 459, 461, 481, 482, 484, 485, 490, 491, 495, 496, 497, 498, 500, 501, 502, 504, 505, 507, 513, 516, 517, 520, 529, 533, 537, 546, 548, 549, 550, 553, 554, 555, 557, 563, 564, 565, 566], "excluded_lines": []}, "": {"executed_lines": [], "summary": {"covered_lines": 0, "num_statements": 73, "percent_covered": 0.0, "percent_covered_display": "0", "missing_lines": 73, "excluded_lines": 0}, "missing_lines": [6, 7, 8, 9, 10, 11, 12, 13, 15, 17, 20, 23, 24, 25, 26, 27, 28, 29, 30, 31, 34, 35, 38, 39, 40, 41, 42, 43, 44, 45, 46, 47, 48, 50, 51, 55, 56, 60, 61, 75, 76, 92, 93, 96, 97, 98, 99, 100, 101, 102, 103, 106, 107, 108, 109, 111, 112, 226, 229, 245, 264, 296, 308, 371, 413, 453, 487, 493, 509, 531, 535, 539, 559], "excluded_lines": []}}}, "src/nakala_client/auth/session_manager.py": {"executed_lines": [], "summary": {"covered_lines": 0, "num_statements": 161, "percent_covered": 0.0, "percent_covered_display": "0", "missing_lines": 161, "excluded_lines": 0}, "missing_lines": [5, 6, 7, 8, 9, 10, 11, 12, 14, 17, 18, 21, 22, 23, 24, 25, 26, 27, 28, 29, 30, 32, 34, 40, 42, 43, 45, 47, 60, 61, 63, 77, 80, 81, 84, 85, 86, 89, 92, 94, 118, 121, 124, 125, 128, 141, 143, 144, 146, 148, 149, 151, 152, 154, 156, 157, 158, 161, 163, 165, 167, 169, 171, 172, 174, 175, 176, 177, 178, 180, 182, 186, 188, 189, 190, 191, 193, 195, 197, 199, 200, 201, 202, 203, 205, 207, 209, 210, 212, 213, 214, 216, 218, 220, 222, 223, 224, 225, 227, 229, 231, 232, 233, 235, 237, 239, 240, 241, 242, 243, 244, 246, 248, 250, 251, 252, 253, 254, 256, 258, 259, 260, 262, 264, 265, 266, 267, 269, 271, 272, 274, 275, 276, 277, 278, 279, 280, 282, 283, 284, 288, 290, 292, 294, 296, 297, 298, 300, 302, 303, 305, 306, 307, 308, 309, 310, 311, 314, 315, 316, 320], "excluded_lines": [], "functions": {"UserSession.is_valid": {"executed_lines": [], "summary": {"covered_lines": 0, "num_statements": 1, "percent_covered": 0.0, "percent_covered_display": "0", "missing_lines": 1, "excluded_lines": 0}, "missing_lines": [34], "excluded_lines": []}, "UserSession.refresh": {"executed_lines": [], "summary": {"covered_lines": 0, "num_statements": 2, "percent_covered": 0.0, "percent_covered_display": "0", "missing_lines": 2, "excluded_lines": 0}, "missing_lines": [42, 43], "excluded_lines": []}, "UserSession.to_dict": {"executed_lines": [], "summary": {"covered_lines": 0, "num_statements": 1, "percent_covered": 0.0, "percent_covered_display": "0", "missing_lines": 1, "excluded_lines": 0}, "missing_lines": [47], "excluded_lines": []}, "UserSession.from_dict": {"executed_lines": [], "summary": {"covered_lines": 0, "num_statements": 1, "percent_covered": 0.0, "percent_covered_display": "0", "missing_lines": 1, "excluded_lines": 0}, "missing_lines": [63], "excluded_lines": []}, "SessionManager.__init__": {"executed_lines": [], "summary": {"covered_lines": 0, "num_statements": 6, "percent_covered": 0.0, "percent_covered_display": "0", "missing_lines": 6, "excluded_lines": 0}, "missing_lines": [81, 84, 85, 86, 89, 92], "excluded_lines": []}, "SessionManager.create_session": {"executed_lines": [], "summary": {"covered_lines": 0, "num_statements": 8, "percent_covered": 0.0, "percent_covered_display": "0", "missing_lines": 8, "excluded_lines": 0}, "missing_lines": [118, 121, 124, 125, 128, 141, 143, 144], "excluded_lines": []}, "SessionManager.get_session": {"executed_lines": [], "summary": {"covered_lines": 0, "num_statements": 10, "percent_covered": 0.0, "percent_covered_display": "0", "missing_lines": 10, "excluded_lines": 0}, "missing_lines": [148, 149, 151, 152, 154, 156, 157, 158, 161, 163], "excluded_lines": []}, "SessionManager.get_session_by_token": {"executed_lines": [], "summary": {"covered_lines": 0, "num_statements": 1, "percent_covered": 0.0, "percent_covered_display": "0", "missing_lines": 1, "excluded_lines": 0}, "missing_lines": [167], "excluded_lines": []}, "SessionManager.get_user_sessions": {"executed_lines": [], "summary": {"covered_lines": 0, "num_statements": 8, "percent_covered": 0.0, "percent_covered_display": "0", "missing_lines": 8, "excluded_lines": 0}, "missing_lines": [171, 172, 174, 175, 176, 177, 178, 180], "excluded_lines": []}, "SessionManager.refresh_session": {"executed_lines": [], "summary": {"covered_lines": 0, "num_statements": 6, "percent_covered": 0.0, "percent_covered_display": "0", "missing_lines": 6, "excluded_lines": 0}, "missing_lines": [186, 188, 189, 190, 191, 193], "excluded_lines": []}, "SessionManager.terminate_session": {"executed_lines": [], "summary": {"covered_lines": 0, "num_statements": 7, "percent_covered": 0.0, "percent_covered_display": "0", "missing_lines": 7, "excluded_lines": 0}, "missing_lines": [197, 199, 200, 201, 202, 203, 205], "excluded_lines": []}, "SessionManager.terminate_user_sessions": {"executed_lines": [], "summary": {"covered_lines": 0, "num_statements": 6, "percent_covered": 0.0, "percent_covered_display": "0", "missing_lines": 6, "excluded_lines": 0}, "missing_lines": [209, 210, 212, 213, 214, 216], "excluded_lines": []}, "SessionManager.update_session_data": {"executed_lines": [], "summary": {"covered_lines": 0, "num_statements": 6, "percent_covered": 0.0, "percent_covered_display": "0", "missing_lines": 6, "excluded_lines": 0}, "missing_lines": [220, 222, 223, 224, 225, 227], "excluded_lines": []}, "SessionManager._generate_session_id": {"executed_lines": [], "summary": {"covered_lines": 0, "num_statements": 4, "percent_covered": 0.0, "percent_covered_display": "0", "missing_lines": 4, "excluded_lines": 0}, "missing_lines": [231, 232, 233, 235], "excluded_lines": []}, "SessionManager._load_sessions": {"executed_lines": [], "summary": {"covered_lines": 0, "num_statements": 7, "percent_covered": 0.0, "percent_covered_display": "0", "missing_lines": 7, "excluded_lines": 0}, "missing_lines": [239, 240, 241, 242, 243, 244, 246], "excluded_lines": []}, "SessionManager._save_sessions": {"executed_lines": [], "summary": {"covered_lines": 0, "num_statements": 5, "percent_covered": 0.0, "percent_covered_display": "0", "missing_lines": 5, "excluded_lines": 0}, "missing_lines": [250, 251, 252, 253, 254], "excluded_lines": []}, "SessionManager._save_session": {"executed_lines": [], "summary": {"covered_lines": 0, "num_statements": 3, "percent_covered": 0.0, "percent_covered_display": "0", "missing_lines": 3, "excluded_lines": 0}, "missing_lines": [258, 259, 260], "excluded_lines": []}, "SessionManager._remove_session": {"executed_lines": [], "summary": {"covered_lines": 0, "num_statements": 4, "percent_covered": 0.0, "percent_covered_display": "0", "missing_lines": 4, "excluded_lines": 0}, "missing_lines": [264, 265, 266, 267], "excluded_lines": []}, "SessionManager._cleanup_expired_sessions": {"executed_lines": [], "summary": {"covered_lines": 0, "num_statements": 12, "percent_covered": 0.0, "percent_covered_display": "0", "missing_lines": 12, "excluded_lines": 0}, "missing_lines": [271, 272, 274, 275, 276, 277, 278, 279, 280, 282, 283, 284], "excluded_lines": []}, "SessionManager._cleanup_user_sessions": {"executed_lines": [], "summary": {"covered_lines": 0, "num_statements": 6, "percent_covered": 0.0, "percent_covered_display": "0", "missing_lines": 6, "excluded_lines": 0}, "missing_lines": [290, 292, 294, 296, 297, 298], "excluded_lines": []}, "SessionManager.get_session_stats": {"executed_lines": [], "summary": {"covered_lines": 0, "num_statements": 13, "percent_covered": 0.0, "percent_covered_display": "0", "missing_lines": 13, "excluded_lines": 0}, "missing_lines": [302, 303, 305, 306, 307, 308, 309, 310, 311, 314, 315, 316, 320], "excluded_lines": []}, "": {"executed_lines": [], "summary": {"covered_lines": 0, "num_statements": 44, "percent_covered": 0.0, "percent_covered_display": "0", "missing_lines": 44, "excluded_lines": 0}, "missing_lines": [5, 6, 7, 8, 9, 10, 11, 12, 14, 17, 18, 21, 22, 23, 24, 25, 26, 27, 28, 29, 30, 32, 40, 45, 60, 61, 77, 80, 94, 146, 165, 169, 182, 195, 207, 218, 229, 237, 248, 256, 262, 269, 288, 300], "excluded_lines": []}}, "classes": {"UserSession": {"executed_lines": [], "summary": {"covered_lines": 0, "num_statements": 5, "percent_covered": 0.0, "percent_covered_display": "0", "missing_lines": 5, "excluded_lines": 0}, "missing_lines": [34, 42, 43, 47, 63], "excluded_lines": []}, "SessionManager": {"executed_lines": [], "summary": {"covered_lines": 0, "num_statements": 112, "percent_covered": 0.0, "percent_covered_display": "0", "missing_lines": 112, "excluded_lines": 0}, "missing_lines": [81, 84, 85, 86, 89, 92, 118, 121, 124, 125, 128, 141, 143, 144, 148, 149, 151, 152, 154, 156, 157, 158, 161, 163, 167, 171, 172, 174, 175, 176, 177, 178, 180, 186, 188, 189, 190, 191, 193, 197, 199, 200, 201, 202, 203, 205, 209, 210, 212, 213, 214, 216, 220, 222, 223, 224, 225, 227, 231, 232, 233, 235, 239, 240, 241, 242, 243, 244, 246, 250, 251, 252, 253, 254, 258, 259, 260, 264, 265, 266, 267, 271, 272, 274, 275, 276, 277, 278, 279, 280, 282, 283, 284, 290, 292, 294, 296, 297, 298, 302, 303, 305, 306, 307, 308, 309, 310, 311, 314, 315, 316, 320], "excluded_lines": []}, "": {"executed_lines": [], "summary": {"covered_lines": 0, "num_statements": 44, "percent_covered": 0.0, "percent_covered_display": "0", "missing_lines": 44, "excluded_lines": 0}, "missing_lines": [5, 6, 7, 8, 9, 10, 11, 12, 14, 17, 18, 21, 22, 23, 24, 25, 26, 27, 28, 29, 30, 32, 40, 45, 60, 61, 77, 80, 94, 146, 165, 169, 182, 195, 207, 218, 229, 237, 248, 256, 262, 269, 288, 300], "excluded_lines": []}}}, "src/nakala_client/auth/sso_provider.py": {"executed_lines": [], "summary": {"covered_lines": 0, "num_statements": 185, "percent_covered": 0.0, "percent_covered_display": "0", "missing_lines": 185, "excluded_lines": 0}, "missing_lines": [5, 6, 7, 8, 9, 10, 11, 12, 13, 14, 15, 17, 20, 21, 24, 25, 26, 27, 28, 29, 30, 31, 32, 33, 34, 37, 40, 41, 42, 44, 45, 47, 49, 50, 52, 54, 55, 57, 59, 60, 62, 65, 68, 69, 70, 71, 72, 73, 76, 96, 98, 99, 101, 103, 105, 107, 108, 109, 110, 122, 123, 126, 128, 138, 139, 140, 151, 153, 164, 166, 177, 179, 180, 182, 194, 196, 198, 199, 200, 203, 206, 209, 210, 212, 215, 216, 218, 219, 223, 225, 226, 227, 229, 231, 233, 235, 236, 237, 238, 239, 242, 243, 244, 245, 247, 250, 253, 254, 255, 256, 257, 258, 259, 260, 262, 264, 272, 274, 276, 277, 278, 280, 281, 293, 294, 295, 307, 309, 310, 311, 315, 330, 331, 332, 343, 345, 346, 348, 361, 362, 363, 374, 376, 377, 384, 385, 387, 390, 392, 393, 394, 398, 413, 414, 415, 426, 428, 436, 437, 439, 441, 443, 444, 445, 447, 450, 454, 499, 500, 504, 506, 507, 508, 510, 513, 514, 516, 518, 519, 520, 521, 523, 525, 526, 528], "excluded_lines": [], "functions": {"SSOProvider.__init__": {"executed_lines": [], "summary": {"covered_lines": 0, "num_statements": 2, "percent_covered": 0.0, "percent_covered_display": "0", "missing_lines": 2, "excluded_lines": 0}, "missing_lines": [41, 42], "excluded_lines": []}, "SSOProvider.get_auth_url": {"executed_lines": [], "summary": {"covered_lines": 0, "num_statements": 1, "percent_covered": 0.0, "percent_covered_display": "0", "missing_lines": 1, "excluded_lines": 0}, "missing_lines": [47], "excluded_lines": []}, "SSOProvider.handle_callback": {"executed_lines": [], "summary": {"covered_lines": 0, "num_statements": 1, "percent_covered": 0.0, "percent_covered_display": "0", "missing_lines": 1, "excluded_lines": 0}, "missing_lines": [52], "excluded_lines": []}, "SSOProvider.validate_token": {"executed_lines": [], "summary": {"covered_lines": 0, "num_statements": 1, "percent_covered": 0.0, "percent_covered_display": "0", "missing_lines": 1, "excluded_lines": 0}, "missing_lines": [57], "excluded_lines": []}, "SSOProvider.refresh_token": {"executed_lines": [], "summary": {"covered_lines": 0, "num_statements": 1, "percent_covered": 0.0, "percent_covered_display": "0", "missing_lines": 1, "excluded_lines": 0}, "missing_lines": [62], "excluded_lines": []}, "SAMLProvider.__init__": {"executed_lines": [], "summary": {"covered_lines": 0, "num_statements": 6, "percent_covered": 0.0, "percent_covered_display": "0", "missing_lines": 6, "excluded_lines": 0}, "missing_lines": [69, 70, 71, 72, 73, 76], "excluded_lines": []}, "SAMLProvider.get_auth_url": {"executed_lines": [], "summary": {"covered_lines": 0, "num_statements": 4, "percent_covered": 0.0, "percent_covered_display": "0", "missing_lines": 4, "excluded_lines": 0}, "missing_lines": [98, 99, 101, 103], "excluded_lines": []}, "SAMLProvider.handle_callback": {"executed_lines": [], "summary": {"covered_lines": 0, "num_statements": 11, "percent_covered": 0.0, "percent_covered_display": "0", "missing_lines": 11, "excluded_lines": 0}, "missing_lines": [107, 108, 109, 110, 122, 123, 126, 128, 138, 139, 140], "excluded_lines": []}, "SAMLProvider.validate_token": {"executed_lines": [], "summary": {"covered_lines": 0, "num_statements": 1, "percent_covered": 0.0, "percent_covered_display": "0", "missing_lines": 1, "excluded_lines": 0}, "missing_lines": [153], "excluded_lines": []}, "SAMLProvider.refresh_token": {"executed_lines": [], "summary": {"covered_lines": 0, "num_statements": 1, "percent_covered": 0.0, "percent_covered_display": "0", "missing_lines": 1, "excluded_lines": 0}, "missing_lines": [166], "excluded_lines": []}, "SAMLProvider._build_saml_request": {"executed_lines": [], "summary": {"covered_lines": 0, "num_statements": 4, "percent_covered": 0.0, "percent_covered_display": "0", "missing_lines": 4, "excluded_lines": 0}, "missing_lines": [179, 180, 182, 194], "excluded_lines": []}, "SAMLProvider._parse_saml_response": {"executed_lines": [], "summary": {"covered_lines": 0, "num_statements": 16, "percent_covered": 0.0, "percent_covered_display": "0", "missing_lines": 16, "excluded_lines": 0}, "missing_lines": [198, 199, 200, 203, 206, 209, 210, 212, 215, 216, 218, 219, 223, 225, 226, 227], "excluded_lines": []}, "SAMLProvider._map_attributes": {"executed_lines": [], "summary": {"covered_lines": 0, "num_statements": 12, "percent_covered": 0.0, "percent_covered_display": "0", "missing_lines": 12, "excluded_lines": 0}, "missing_lines": [231, 233, 235, 236, 237, 238, 239, 242, 243, 244, 245, 247], "excluded_lines": []}, "OAuthProvider.__init__": {"executed_lines": [], "summary": {"covered_lines": 0, "num_statements": 7, "percent_covered": 0.0, "percent_covered_display": "0", "missing_lines": 7, "excluded_lines": 0}, "missing_lines": [254, 255, 256, 257, 258, 259, 260], "excluded_lines": []}, "OAuthProvider.get_auth_url": {"executed_lines": [], "summary": {"covered_lines": 0, "num_statements": 2, "percent_covered": 0.0, "percent_covered_display": "0", "missing_lines": 2, "excluded_lines": 0}, "missing_lines": [264, 272], "excluded_lines": []}, "OAuthProvider.handle_callback": {"executed_lines": [], "summary": {"covered_lines": 0, "num_statements": 16, "percent_covered": 0.0, "percent_covered_display": "0", "missing_lines": 16, "excluded_lines": 0}, "missing_lines": [276, 277, 278, 280, 281, 293, 294, 295, 307, 309, 310, 311, 315, 330, 331, 332], "excluded_lines": []}, "OAuthProvider.validate_token": {"executed_lines": [], "summary": {"covered_lines": 0, "num_statements": 6, "percent_covered": 0.0, "percent_covered_display": "0", "missing_lines": 6, "excluded_lines": 0}, "missing_lines": [345, 346, 348, 361, 362, 363], "excluded_lines": []}, "OAuthProvider.refresh_token": {"executed_lines": [], "summary": {"covered_lines": 0, "num_statements": 13, "percent_covered": 0.0, "percent_covered_display": "0", "missing_lines": 13, "excluded_lines": 0}, "missing_lines": [376, 377, 384, 385, 387, 390, 392, 393, 394, 398, 413, 414, 415], "excluded_lines": []}, "OAuthProvider._exchange_code_for_tokens": {"executed_lines": [], "summary": {"covered_lines": 0, "num_statements": 4, "percent_covered": 0.0, "percent_covered_display": "0", "missing_lines": 4, "excluded_lines": 0}, "missing_lines": [428, 436, 437, 439], "excluded_lines": []}, "OAuthProvider._get_user_info": {"executed_lines": [], "summary": {"covered_lines": 0, "num_statements": 4, "percent_covered": 0.0, "percent_covered_display": "0", "missing_lines": 4, "excluded_lines": 0}, "missing_lines": [443, 444, 445, 447], "excluded_lines": []}, "InstitutionalSSOFactory.create_provider": {"executed_lines": [], "summary": {"covered_lines": 0, "num_statements": 13, "percent_covered": 0.0, "percent_covered_display": "0", "missing_lines": 13, "excluded_lines": 0}, "missing_lines": [504, 506, 507, 508, 510, 513, 514, 516, 518, 519, 520, 521, 523], "excluded_lines": []}, "InstitutionalSSOFactory.list_supported_institutions": {"executed_lines": [], "summary": {"covered_lines": 0, "num_statements": 1, "percent_covered": 0.0, "percent_covered_display": "0", "missing_lines": 1, "excluded_lines": 0}, "missing_lines": [528], "excluded_lines": []}, "": {"executed_lines": [], "summary": {"covered_lines": 0, "num_statements": 58, "percent_covered": 0.0, "percent_covered_display": "0", "missing_lines": 58, "excluded_lines": 0}, "missing_lines": [5, 6, 7, 8, 9, 10, 11, 12, 13, 14, 15, 17, 20, 21, 24, 25, 26, 27, 28, 29, 30, 31, 32, 33, 34, 37, 40, 44, 45, 49, 50, 54, 55, 59, 60, 65, 68, 96, 105, 151, 164, 177, 196, 229, 250, 253, 262, 274, 343, 374, 426, 441, 450, 454, 499, 500, 525, 526], "excluded_lines": []}}, "classes": {"AuthenticationResult": {"executed_lines": [], "summary": {"covered_lines": 0, "num_statements": 0, "percent_covered": 100.0, "percent_covered_display": "100", "missing_lines": 0, "excluded_lines": 0}, "missing_lines": [], "excluded_lines": []}, "SSOProvider": {"executed_lines": [], "summary": {"covered_lines": 0, "num_statements": 6, "percent_covered": 0.0, "percent_covered_display": "0", "missing_lines": 6, "excluded_lines": 0}, "missing_lines": [41, 42, 47, 52, 57, 62], "excluded_lines": []}, "SAMLProvider": {"executed_lines": [], "summary": {"covered_lines": 0, "num_statements": 55, "percent_covered": 0.0, "percent_covered_display": "0", "missing_lines": 55, "excluded_lines": 0}, "missing_lines": [69, 70, 71, 72, 73, 76, 98, 99, 101, 103, 107, 108, 109, 110, 122, 123, 126, 128, 138, 139, 140, 153, 166, 179, 180, 182, 194, 198, 199, 200, 203, 206, 209, 210, 212, 215, 216, 218, 219, 223, 225, 226, 227, 231, 233, 235, 236, 237, 238, 239, 242, 243, 244, 245, 247], "excluded_lines": []}, "OAuthProvider": {"executed_lines": [], "summary": {"covered_lines": 0, "num_statements": 52, "percent_covered": 0.0, "percent_covered_display": "0", "missing_lines": 52, "excluded_lines": 0}, "missing_lines": [254, 255, 256, 257, 258, 259, 260, 264, 272, 276, 277, 278, 280, 281, 293, 294, 295, 307, 309, 310, 311, 315, 330, 331, 332, 345, 346, 348, 361, 362, 363, 376, 377, 384, 385, 387, 390, 392, 393, 394, 398, 413, 414, 415, 428, 436, 437, 439, 443, 444, 445, 447], "excluded_lines": []}, "InstitutionalSSOFactory": {"executed_lines": [], "summary": {"covered_lines": 0, "num_statements": 14, "percent_covered": 0.0, "percent_covered_display": "0", "missing_lines": 14, "excluded_lines": 0}, "missing_lines": [504, 506, 507, 508, 510, 513, 514, 516, 518, 519, 520, 521, 523, 528], "excluded_lines": []}, "": {"executed_lines": [], "summary": {"covered_lines": 0, "num_statements": 58, "percent_covered": 0.0, "percent_covered_display": "0", "missing_lines": 58, "excluded_lines": 0}, "missing_lines": [5, 6, 7, 8, 9, 10, 11, 12, 13, 14, 15, 17, 20, 21, 24, 25, 26, 27, 28, 29, 30, 31, 32, 33, 34, 37, 40, 44, 45, 49, 50, 54, 55, 59, 60, 65, 68, 96, 105, 151, 164, 177, 196, 229, 250, 253, 262, 274, 343, 374, 426, 441, 450, 454, 499, 500, 525, 526], "excluded_lines": []}}}, "src/nakala_client/auth/user_manager.py": {"executed_lines": [], "summary": {"covered_lines": 0, "num_statements": 264, "percent_covered": 0.0, "percent_covered_display": "0", "missing_lines": 264, "excluded_lines": 0}, "missing_lines": [6, 7, 8, 9, 10, 11, 12, 13, 15, 17, 20, 23, 24, 25, 26, 27, 30, 31, 34, 35, 36, 37, 38, 39, 40, 42, 44, 54, 55, 57, 68, 69, 72, 73, 74, 75, 76, 77, 78, 79, 80, 81, 83, 85, 100, 101, 103, 121, 124, 125, 126, 127, 128, 131, 133, 144, 145, 146, 149, 159, 162, 165, 166, 169, 178, 179, 181, 183, 184, 186, 188, 193, 213, 215, 217, 219, 220, 221, 223, 225, 227, 229, 230, 231, 233, 235, 237, 238, 240, 246, 247, 248, 249, 251, 253, 254, 255, 257, 258, 260, 261, 269, 271, 273, 277, 278, 279, 281, 283, 284, 289, 291, 293, 295, 296, 297, 299, 300, 301, 303, 304, 307, 309, 311, 313, 314, 315, 317, 318, 319, 321, 322, 323, 325, 327, 334, 335, 337, 339, 340, 342, 343, 347, 348, 350, 351, 352, 353, 355, 356, 357, 359, 361, 363, 365, 367, 368, 369, 371, 372, 373, 374, 375, 377, 379, 389, 400, 403, 406, 407, 409, 410, 413, 416, 418, 426, 427, 429, 430, 431, 433, 436, 437, 438, 439, 441, 444, 445, 447, 449, 450, 452, 453, 455, 457, 459, 460, 461, 462, 463, 464, 466, 468, 469, 471, 473, 475, 493, 494, 496, 498, 499, 500, 501, 502, 503, 505, 507, 509, 510, 511, 512, 513, 515, 517, 518, 519, 520, 521, 522, 524, 526, 528, 529, 531, 532, 533, 534, 535, 537, 539, 540, 541, 542, 543, 544, 546, 548, 550, 552, 553, 556, 559, 560, 561, 562, 564, 565, 567, 568, 569, 570, 571, 574], "excluded_lines": [], "functions": {"UserActivity.to_dict": {"executed_lines": [], "summary": {"covered_lines": 0, "num_statements": 1, "percent_covered": 0.0, "percent_covered_display": "0", "missing_lines": 1, "excluded_lines": 0}, "missing_lines": [44], "excluded_lines": []}, "UserActivity.from_dict": {"executed_lines": [], "summary": {"covered_lines": 0, "num_statements": 1, "percent_covered": 0.0, "percent_covered_display": "0", "missing_lines": 1, "excluded_lines": 0}, "missing_lines": [57], "excluded_lines": []}, "UserStats.to_dict": {"executed_lines": [], "summary": {"covered_lines": 0, "num_statements": 1, "percent_covered": 0.0, "percent_covered_display": "0", "missing_lines": 1, "excluded_lines": 0}, "missing_lines": [85], "excluded_lines": []}, "UserStats.from_dict": {"executed_lines": [], "summary": {"covered_lines": 0, "num_statements": 1, "percent_covered": 0.0, "percent_covered_display": "0", "missing_lines": 1, "excluded_lines": 0}, "missing_lines": [103], "excluded_lines": []}, "UserManager.__init__": {"executed_lines": [], "summary": {"covered_lines": 0, "num_statements": 5, "percent_covered": 0.0, "percent_covered_display": "0", "missing_lines": 5, "excluded_lines": 0}, "missing_lines": [125, 126, 127, 128, 131], "excluded_lines": []}, "UserManager.create_user": {"executed_lines": [], "summary": {"covered_lines": 0, "num_statements": 11, "percent_covered": 0.0, "percent_covered_display": "0", "missing_lines": 11, "excluded_lines": 0}, "missing_lines": [144, 145, 146, 149, 159, 162, 165, 166, 169, 178, 179], "excluded_lines": []}, "UserManager.get_user": {"executed_lines": [], "summary": {"covered_lines": 0, "num_statements": 6, "percent_covered": 0.0, "percent_covered_display": "0", "missing_lines": 6, "excluded_lines": 0}, "missing_lines": [183, 184, 186, 188, 193, 213], "excluded_lines": []}, "UserManager.get_user_by_email": {"executed_lines": [], "summary": {"covered_lines": 0, "num_statements": 5, "percent_covered": 0.0, "percent_covered_display": "0", "missing_lines": 5, "excluded_lines": 0}, "missing_lines": [217, 219, 220, 221, 223], "excluded_lines": []}, "UserManager.get_user_by_api_key": {"executed_lines": [], "summary": {"covered_lines": 0, "num_statements": 5, "percent_covered": 0.0, "percent_covered_display": "0", "missing_lines": 5, "excluded_lines": 0}, "missing_lines": [227, 229, 230, 231, 233], "excluded_lines": []}, "UserManager.update_user": {"executed_lines": [], "summary": {"covered_lines": 0, "num_statements": 7, "percent_covered": 0.0, "percent_covered_display": "0", "missing_lines": 7, "excluded_lines": 0}, "missing_lines": [237, 238, 240, 246, 247, 248, 249], "excluded_lines": []}, "UserManager.update_user_roles": {"executed_lines": [], "summary": {"covered_lines": 0, "num_statements": 9, "percent_covered": 0.0, "percent_covered_display": "0", "missing_lines": 9, "excluded_lines": 0}, "missing_lines": [253, 254, 255, 257, 258, 260, 261, 269, 271], "excluded_lines": []}, "UserManager.update_user_preferences": {"executed_lines": [], "summary": {"covered_lines": 0, "num_statements": 8, "percent_covered": 0.0, "percent_covered_display": "0", "missing_lines": 8, "excluded_lines": 0}, "missing_lines": [277, 278, 279, 281, 283, 284, 289, 291], "excluded_lines": []}, "UserManager.deactivate_user": {"executed_lines": [], "summary": {"covered_lines": 0, "num_statements": 10, "percent_covered": 0.0, "percent_covered_display": "0", "missing_lines": 10, "excluded_lines": 0}, "missing_lines": [295, 296, 297, 299, 300, 301, 303, 304, 307, 309], "excluded_lines": []}, "UserManager.reactivate_user": {"executed_lines": [], "summary": {"covered_lines": 0, "num_statements": 10, "percent_covered": 0.0, "percent_covered_display": "0", "missing_lines": 10, "excluded_lines": 0}, "missing_lines": [313, 314, 315, 317, 318, 319, 321, 322, 323, 325], "excluded_lines": []}, "UserManager.list_users": {"executed_lines": [], "summary": {"covered_lines": 0, "num_statements": 17, "percent_covered": 0.0, "percent_covered_display": "0", "missing_lines": 17, "excluded_lines": 0}, "missing_lines": [334, 335, 337, 339, 340, 342, 343, 347, 348, 350, 351, 352, 353, 355, 356, 357, 359], "excluded_lines": []}, "UserManager.get_institution_users": {"executed_lines": [], "summary": {"covered_lines": 0, "num_statements": 1, "percent_covered": 0.0, "percent_covered_display": "0", "missing_lines": 1, "excluded_lines": 0}, "missing_lines": [363], "excluded_lines": []}, "UserManager.get_user_collaborators": {"executed_lines": [], "summary": {"covered_lines": 0, "num_statements": 9, "percent_covered": 0.0, "percent_covered_display": "0", "missing_lines": 9, "excluded_lines": 0}, "missing_lines": [367, 368, 369, 371, 372, 373, 374, 375, 377], "excluded_lines": []}, "UserManager.log_activity": {"executed_lines": [], "summary": {"covered_lines": 0, "num_statements": 9, "percent_covered": 0.0, "percent_covered_display": "0", "missing_lines": 9, "excluded_lines": 0}, "missing_lines": [389, 400, 403, 406, 407, 409, 410, 413, 416], "excluded_lines": []}, "UserManager.get_user_activity": {"executed_lines": [], "summary": {"covered_lines": 0, "num_statements": 13, "percent_covered": 0.0, "percent_covered_display": "0", "missing_lines": 13, "excluded_lines": 0}, "missing_lines": [426, 427, 429, 430, 431, 433, 436, 437, 438, 439, 441, 444, 445], "excluded_lines": []}, "UserManager.get_user_stats": {"executed_lines": [], "summary": {"covered_lines": 0, "num_statements": 5, "percent_covered": 0.0, "percent_covered_display": "0", "missing_lines": 5, "excluded_lines": 0}, "missing_lines": [449, 450, 452, 453, 455], "excluded_lines": []}, "UserManager.update_user_stats": {"executed_lines": [], "summary": {"covered_lines": 0, "num_statements": 6, "percent_covered": 0.0, "percent_covered_display": "0", "missing_lines": 6, "excluded_lines": 0}, "missing_lines": [459, 460, 461, 462, 463, 464], "excluded_lines": []}, "UserManager._generate_api_key": {"executed_lines": [], "summary": {"covered_lines": 0, "num_statements": 2, "percent_covered": 0.0, "percent_covered_display": "0", "missing_lines": 2, "excluded_lines": 0}, "missing_lines": [468, 469], "excluded_lines": []}, "UserManager._save_user": {"executed_lines": [], "summary": {"covered_lines": 0, "num_statements": 4, "percent_covered": 0.0, "percent_covered_display": "0", "missing_lines": 4, "excluded_lines": 0}, "missing_lines": [473, 475, 493, 494], "excluded_lines": []}, "UserManager._load_users": {"executed_lines": [], "summary": {"covered_lines": 0, "num_statements": 7, "percent_covered": 0.0, "percent_covered_display": "0", "missing_lines": 7, "excluded_lines": 0}, "missing_lines": [498, 499, 500, 501, 502, 503, 505], "excluded_lines": []}, "UserManager._save_activities": {"executed_lines": [], "summary": {"covered_lines": 0, "num_statements": 5, "percent_covered": 0.0, "percent_covered_display": "0", "missing_lines": 5, "excluded_lines": 0}, "missing_lines": [509, 510, 511, 512, 513], "excluded_lines": []}, "UserManager._load_activities": {"executed_lines": [], "summary": {"covered_lines": 0, "num_statements": 7, "percent_covered": 0.0, "percent_covered_display": "0", "missing_lines": 7, "excluded_lines": 0}, "missing_lines": [517, 518, 519, 520, 521, 522, 524], "excluded_lines": []}, "UserManager._save_user_stats": {"executed_lines": [], "summary": {"covered_lines": 0, "num_statements": 7, "percent_covered": 0.0, "percent_covered_display": "0", "missing_lines": 7, "excluded_lines": 0}, "missing_lines": [528, 529, 531, 532, 533, 534, 535], "excluded_lines": []}, "UserManager._load_user_stats": {"executed_lines": [], "summary": {"covered_lines": 0, "num_statements": 7, "percent_covered": 0.0, "percent_covered_display": "0", "missing_lines": 7, "excluded_lines": 0}, "missing_lines": [539, 540, 541, 542, 543, 544, 546], "excluded_lines": []}, "UserManager._update_user_stats_from_activity": {"executed_lines": [], "summary": {"covered_lines": 0, "num_statements": 16, "percent_covered": 0.0, "percent_covered_display": "0", "missing_lines": 16, "excluded_lines": 0}, "missing_lines": [550, 552, 553, 556, 559, 560, 561, 562, 564, 565, 567, 568, 569, 570, 571, 574], "excluded_lines": []}, "": {"executed_lines": [], "summary": {"covered_lines": 0, "num_statements": 69, "percent_covered": 0.0, "percent_covered_display": "0", "missing_lines": 69, "excluded_lines": 0}, "missing_lines": [6, 7, 8, 9, 10, 11, 12, 13, 15, 17, 20, 23, 24, 25, 26, 27, 30, 31, 34, 35, 36, 37, 38, 39, 40, 42, 54, 55, 68, 69, 72, 73, 74, 75, 76, 77, 78, 79, 80, 81, 83, 100, 101, 121, 124, 133, 181, 215, 225, 235, 251, 273, 293, 311, 327, 361, 365, 379, 418, 447, 457, 466, 471, 496, 507, 515, 526, 537, 548], "excluded_lines": []}}, "classes": {"UserStatus": {"executed_lines": [], "summary": {"covered_lines": 0, "num_statements": 0, "percent_covered": 100.0, "percent_covered_display": "100", "missing_lines": 0, "excluded_lines": 0}, "missing_lines": [], "excluded_lines": []}, "UserActivity": {"executed_lines": [], "summary": {"covered_lines": 0, "num_statements": 2, "percent_covered": 0.0, "percent_covered_display": "0", "missing_lines": 2, "excluded_lines": 0}, "missing_lines": [44, 57], "excluded_lines": []}, "UserStats": {"executed_lines": [], "summary": {"covered_lines": 0, "num_statements": 2, "percent_covered": 0.0, "percent_covered_display": "0", "missing_lines": 2, "excluded_lines": 0}, "missing_lines": [85, 103], "excluded_lines": []}, "UserManager": {"executed_lines": [], "summary": {"covered_lines": 0, "num_statements": 191, "percent_covered": 0.0, "percent_covered_display": "0", "missing_lines": 191, "excluded_lines": 0}, "missing_lines": [125, 126, 127, 128, 131, 144, 145, 146, 149, 159, 162, 165, 166, 169, 178, 179, 183, 184, 186, 188, 193, 213, 217, 219, 220, 221, 223, 227, 229, 230, 231, 233, 237, 238, 240, 246, 247, 248, 249, 253, 254, 255, 257, 258, 260, 261, 269, 271, 277, 278, 279, 281, 283, 284, 289, 291, 295, 296, 297, 299, 300, 301, 303, 304, 307, 309, 313, 314, 315, 317, 318, 319, 321, 322, 323, 325, 334, 335, 337, 339, 340, 342, 343, 347, 348, 350, 351, 352, 353, 355, 356, 357, 359, 363, 367, 368, 369, 371, 372, 373, 374, 375, 377, 389, 400, 403, 406, 407, 409, 410, 413, 416, 426, 427, 429, 430, 431, 433, 436, 437, 438, 439, 441, 444, 445, 449, 450, 452, 453, 455, 459, 460, 461, 462, 463, 464, 468, 469, 473, 475, 493, 494, 498, 499, 500, 501, 502, 503, 505, 509, 510, 511, 512, 513, 517, 518, 519, 520, 521, 522, 524, 528, 529, 531, 532, 533, 534, 535, 539, 540, 541, 542, 543, 544, 546, 550, 552, 553, 556, 559, 560, 561, 562, 564, 565, 567, 568, 569, 570, 571, 574], "excluded_lines": []}, "": {"executed_lines": [], "summary": {"covered_lines": 0, "num_statements": 69, "percent_covered": 0.0, "percent_covered_display": "0", "missing_lines": 69, "excluded_lines": 0}, "missing_lines": [6, 7, 8, 9, 10, 11, 12, 13, 15, 17, 20, 23, 24, 25, 26, 27, 30, 31, 34, 35, 36, 37, 38, 39, 40, 42, 54, 55, 68, 69, 72, 73, 74, 75, 76, 77, 78, 79, 80, 81, 83, 100, 101, 121, 124, 133, 181, 215, 225, 235, 251, 273, 293, 311, 327, 361, 365, 379, 418, 447, 457, 466, 471, 496, 507, 515, 526, 537, 548], "excluded_lines": []}}}, "src/nakala_client/autonomous_generator.py": {"executed_lines": [1, 8, 9, 10, 11, 12, 13, 14, 15, 16, 17, 18, 20, 21, 22, 23, 24, 25, 26, 27, 29, 32, 33, 34, 36, 37, 38, 39, 40, 41, 42, 44, 49, 50, 51, 53, 54, 55, 56, 57, 58, 59, 60, 61, 62, 63, 65, 70, 71, 73, 152, 199, 200, 202, 327, 364, 365, 367, 431, 530, 582, 605, 659, 727, 728, 730, 752, 881, 953, 978, 1016, 1067], "summary": {"covered_lines": 65, "num_statements": 342, "percent_covered": 19.005847953216374, "percent_covered_display": "19", "missing_lines": 277, "excluded_lines": 0}, "missing_lines": [45, 46, 66, 67, 74, 156, 157, 158, 160, 163, 164, 167, 168, 171, 172, 173, 176, 177, 178, 179, 180, 183, 186, 187, 189, 192, 193, 194, 196, 203, 329, 330, 332, 333, 335, 336, 338, 340, 341, 344, 347, 350, 353, 355, 357, 358, 359, 361, 368, 369, 372, 433, 434, 437, 447, 449, 458, 459, 460, 462, 463, 464, 466, 470, 475, 478, 479, 482, 483, 486, 487, 492, 513, 517, 518, 520, 524, 525, 526, 528, 534, 536, 541, 542, 543, 546, 547, 549, 564, 567, 568, 569, 570, 571, 574, 575, 578, 580, 584, 585, 588, 589, 590, 591, 592, 593, 594, 595, 596, 597, 598, 599, 600, 601, 603, 609, 611, 612, 614, 615, 616, 623, 624, 625, 629, 630, 631, 632, 633, 634, 635, 637, 638, 640, 641, 642, 643, 644, 645, 646, 648, 650, 651, 652, 653, 655, 657, 661, 662, 665, 668, 713, 718, 719, 720, 723, 724, 731, 732, 737, 740, 741, 742, 743, 748, 749, 750, 760, 762, 764, 766, 769, 770, 776, 777, 778, 779, 780, 787, 788, 792, 793, 794, 795, 796, 799, 800, 801, 802, 805, 806, 811, 812, 813, 814, 819, 820, 823, 826, 829, 830, 833, 834, 836, 841, 844, 849, 854, 856, 870, 875, 877, 878, 879, 885, 888, 897, 898, 899, 906, 907, 915, 916, 925, 926, 938, 941, 951, 957, 958, 960, 963, 967, 968, 970, 971, 976, 982, 985, 988, 989, 990, 991, 994, 995, 996, 999, 1002, 1003, 1004, 1005, 1006, 1009, 1010, 1011, 1014, 1023, 1026, 1027, 1031, 1032, 1037, 1038, 1039, 1040, 1041, 1043, 1044, 1045, 1048, 1049, 1054, 1055, 1058, 1059, 1063, 1071], "excluded_lines": [], "functions": {"ContentAnalysisResult.__post_init__": {"executed_lines": [], "summary": {"covered_lines": 0, "num_statements": 2, "percent_covered": 0.0, "percent_covered_display": "0", "missing_lines": 2, "excluded_lines": 0}, "missing_lines": [45, 46], "excluded_lines": []}, "AutonomousGenerationResult.__post_init__": {"executed_lines": [], "summary": {"covered_lines": 0, "num_statements": 2, "percent_covered": 0.0, "percent_covered_display": "0", "missing_lines": 2, "excluded_lines": 0}, "missing_lines": [66, 67], "excluded_lines": []}, "ContentTypeDetector.__init__": {"executed_lines": [], "summary": {"covered_lines": 0, "num_statements": 1, "percent_covered": 0.0, "percent_covered_display": "0", "missing_lines": 1, "excluded_lines": 0}, "missing_lines": [74], "excluded_lines": []}, "ContentTypeDetector.detect_content_type": {"executed_lines": [], "summary": {"covered_lines": 0, "num_statements": 24, "percent_covered": 0.0, "percent_covered_display": "0", "missing_lines": 24, "excluded_lines": 0}, "missing_lines": [156, 157, 158, 160, 163, 164, 167, 168, 171, 172, 173, 176, 177, 178, 179, 180, 183, 186, 187, 189, 192, 193, 194, 196], "excluded_lines": []}, "LanguageDetector.__init__": {"executed_lines": [], "summary": {"covered_lines": 0, "num_statements": 1, "percent_covered": 0.0, "percent_covered_display": "0", "missing_lines": 1, "excluded_lines": 0}, "missing_lines": [203], "excluded_lines": []}, "LanguageDetector.detect_language": {"executed_lines": [], "summary": {"covered_lines": 0, "num_statements": 18, "percent_covered": 0.0, "percent_covered_display": "0", "missing_lines": 18, "excluded_lines": 0}, "missing_lines": [329, 330, 332, 333, 335, 336, 338, 340, 341, 344, 347, 350, 353, 355, 357, 358, 359, 361], "excluded_lines": []}, "MetadataGenerator.__init__": {"executed_lines": [], "summary": {"covered_lines": 0, "num_statements": 3, "percent_covered": 0.0, "percent_covered_display": "0", "missing_lines": 3, "excluded_lines": 0}, "missing_lines": [368, 369, 372], "excluded_lines": []}, "MetadataGenerator.analyze_file_content": {"executed_lines": [], "summary": {"covered_lines": 0, "num_statements": 29, "percent_covered": 0.0, "percent_covered_display": "0", "missing_lines": 29, "excluded_lines": 0}, "missing_lines": [433, 434, 437, 447, 449, 458, 459, 460, 462, 463, 464, 466, 470, 475, 478, 479, 482, 483, 486, 487, 492, 513, 517, 518, 520, 524, 525, 526, 528], "excluded_lines": []}, "MetadataGenerator._generate_basic_metadata": {"executed_lines": [], "summary": {"covered_lines": 0, "num_statements": 18, "percent_covered": 0.0, "percent_covered_display": "0", "missing_lines": 18, "excluded_lines": 0}, "missing_lines": [534, 536, 541, 542, 543, 546, 547, 549, 564, 567, 568, 569, 570, 571, 574, 575, 578, 580], "excluded_lines": []}, "MetadataGenerator._extract_content_summary": {"executed_lines": [], "summary": {"covered_lines": 0, "num_statements": 17, "percent_covered": 0.0, "percent_covered_display": "0", "missing_lines": 17, "excluded_lines": 0}, "missing_lines": [584, 585, 588, 589, 590, 591, 592, 593, 594, 595, 596, 597, 598, 599, 600, 601, 603], "excluded_lines": []}, "MetadataGenerator._detect_content_features": {"executed_lines": [], "summary": {"covered_lines": 0, "num_statements": 32, "percent_covered": 0.0, "percent_covered_display": "0", "missing_lines": 32, "excluded_lines": 0}, "missing_lines": [609, 611, 612, 614, 615, 616, 623, 624, 625, 629, 630, 631, 632, 633, 634, 635, 637, 638, 640, 641, 642, 643, 644, 645, 646, 648, 650, 651, 652, 653, 655, 657], "excluded_lines": []}, "MetadataGenerator._extract_keywords_from_content": {"executed_lines": [], "summary": {"covered_lines": 0, "num_statements": 10, "percent_covered": 0.0, "percent_covered_display": "0", "missing_lines": 10, "excluded_lines": 0}, "missing_lines": [661, 662, 665, 668, 713, 718, 719, 720, 723, 724], "excluded_lines": []}, "AutonomousMetadataEngine.__init__": {"executed_lines": [], "summary": {"covered_lines": 0, "num_statements": 10, "percent_covered": 0.0, "percent_covered_display": "0", "missing_lines": 10, "excluded_lines": 0}, "missing_lines": [731, 732, 737, 740, 741, 742, 743, 748, 749, 750], "excluded_lines": []}, "AutonomousMetadataEngine.generate_autonomous_metadata": {"executed_lines": [], "summary": {"covered_lines": 0, "num_statements": 47, "percent_covered": 0.0, "percent_covered_display": "0", "missing_lines": 47, "excluded_lines": 0}, "missing_lines": [760, 762, 764, 766, 769, 770, 776, 777, 778, 779, 780, 787, 788, 792, 793, 794, 795, 796, 799, 800, 801, 802, 805, 806, 811, 812, 813, 814, 819, 820, 823, 826, 829, 830, 833, 834, 836, 841, 844, 849, 854, 856, 870, 875, 877, 878, 879], "excluded_lines": []}, "AutonomousMetadataEngine._create_autonomous_template": {"executed_lines": [], "summary": {"covered_lines": 0, "num_statements": 14, "percent_covered": 0.0, "percent_covered_display": "0", "missing_lines": 14, "excluded_lines": 0}, "missing_lines": [885, 888, 897, 898, 899, 906, 907, 915, 916, 925, 926, 938, 941, 951], "excluded_lines": []}, "AutonomousMetadataEngine._calculate_completeness_score": {"executed_lines": [], "summary": {"covered_lines": 0, "num_statements": 9, "percent_covered": 0.0, "percent_covered_display": "0", "missing_lines": 9, "excluded_lines": 0}, "missing_lines": [957, 958, 960, 963, 967, 968, 970, 971, 976], "excluded_lines": []}, "AutonomousMetadataEngine._calculate_quality_score": {"executed_lines": [], "summary": {"covered_lines": 0, "num_statements": 19, "percent_covered": 0.0, "percent_covered_display": "0", "missing_lines": 19, "excluded_lines": 0}, "missing_lines": [982, 985, 988, 989, 990, 991, 994, 995, 996, 999, 1002, 1003, 1004, 1005, 1006, 1009, 1010, 1011, 1014], "excluded_lines": []}, "AutonomousMetadataEngine._generate_recommendations": {"executed_lines": [], "summary": {"covered_lines": 0, "num_statements": 20, "percent_covered": 0.0, "percent_covered_display": "0", "missing_lines": 20, "excluded_lines": 0}, "missing_lines": [1023, 1026, 1027, 1031, 1032, 1037, 1038, 1039, 1040, 1041, 1043, 1044, 1045, 1048, 1049, 1054, 1055, 1058, 1059, 1063], "excluded_lines": []}, "create_autonomous_generator": {"executed_lines": [], "summary": {"covered_lines": 0, "num_statements": 1, "percent_covered": 0.0, "percent_covered_display": "0", "missing_lines": 1, "excluded_lines": 0}, "missing_lines": [1071], "excluded_lines": []}, "": {"executed_lines": [1, 8, 9, 10, 11, 12, 13, 14, 15, 16, 17, 18, 20, 21, 22, 23, 24, 25, 26, 27, 29, 32, 33, 34, 36, 37, 38, 39, 40, 41, 42, 44, 49, 50, 51, 53, 54, 55, 56, 57, 58, 59, 60, 61, 62, 63, 65, 70, 71, 73, 152, 199, 200, 202, 327, 364, 365, 367, 431, 530, 582, 605, 659, 727, 728, 730, 752, 881, 953, 978, 1016, 1067], "summary": {"covered_lines": 65, "num_statements": 65, "percent_covered": 100.0, "percent_covered_display": "100", "missing_lines": 0, "excluded_lines": 0}, "missing_lines": [], "excluded_lines": []}}, "classes": {"ContentAnalysisResult": {"executed_lines": [], "summary": {"covered_lines": 0, "num_statements": 2, "percent_covered": 0.0, "percent_covered_display": "0", "missing_lines": 2, "excluded_lines": 0}, "missing_lines": [45, 46], "excluded_lines": []}, "AutonomousGenerationResult": {"executed_lines": [], "summary": {"covered_lines": 0, "num_statements": 2, "percent_covered": 0.0, "percent_covered_display": "0", "missing_lines": 2, "excluded_lines": 0}, "missing_lines": [66, 67], "excluded_lines": []}, "ContentTypeDetector": {"executed_lines": [], "summary": {"covered_lines": 0, "num_statements": 25, "percent_covered": 0.0, "percent_covered_display": "0", "missing_lines": 25, "excluded_lines": 0}, "missing_lines": [74, 156, 157, 158, 160, 163, 164, 167, 168, 171, 172, 173, 176, 177, 178, 179, 180, 183, 186, 187, 189, 192, 193, 194, 196], "excluded_lines": []}, "LanguageDetector": {"executed_lines": [], "summary": {"covered_lines": 0, "num_statements": 19, "percent_covered": 0.0, "percent_covered_display": "0", "missing_lines": 19, "excluded_lines": 0}, "missing_lines": [203, 329, 330, 332, 333, 335, 336, 338, 340, 341, 344, 347, 350, 353, 355, 357, 358, 359, 361], "excluded_lines": []}, "MetadataGenerator": {"executed_lines": [], "summary": {"covered_lines": 0, "num_statements": 109, "percent_covered": 0.0, "percent_covered_display": "0", "missing_lines": 109, "excluded_lines": 0}, "missing_lines": [368, 369, 372, 433, 434, 437, 447, 449, 458, 459, 460, 462, 463, 464, 466, 470, 475, 478, 479, 482, 483, 486, 487, 492, 513, 517, 518, 520, 524, 525, 526, 528, 534, 536, 541, 542, 543, 546, 547, 549, 564, 567, 568, 569, 570, 571, 574, 575, 578, 580, 584, 585, 588, 589, 590, 591, 592, 593, 594, 595, 596, 597, 598, 599, 600, 601, 603, 609, 611, 612, 614, 615, 616, 623, 624, 625, 629, 630, 631, 632, 633, 634, 635, 637, 638, 640, 641, 642, 643, 644, 645, 646, 648, 650, 651, 652, 653, 655, 657, 661, 662, 665, 668, 713, 718, 719, 720, 723, 724], "excluded_lines": []}, "AutonomousMetadataEngine": {"executed_lines": [], "summary": {"covered_lines": 0, "num_statements": 119, "percent_covered": 0.0, "percent_covered_display": "0", "missing_lines": 119, "excluded_lines": 0}, "missing_lines": [731, 732, 737, 740, 741, 742, 743, 748, 749, 750, 760, 762, 764, 766, 769, 770, 776, 777, 778, 779, 780, 787, 788, 792, 793, 794, 795, 796, 799, 800, 801, 802, 805, 806, 811, 812, 813, 814, 819, 820, 823, 826, 829, 830, 833, 834, 836, 841, 844, 849, 854, 856, 870, 875, 877, 878, 879, 885, 888, 897, 898, 899, 906, 907, 915, 916, 925, 926, 938, 941, 951, 957, 958, 960, 963, 967, 968, 970, 971, 976, 982, 985, 988, 989, 990, 991, 994, 995, 996, 999, 1002, 1003, 1004, 1005, 1006, 1009, 1010, 1011, 1014, 1023, 1026, 1027, 1031, 1032, 1037, 1038, 1039, 1040, 1041, 1043, 1044, 1045, 1048, 1049, 1054, 1055, 1058, 1059, 1063], "excluded_lines": []}, "": {"executed_lines": [1, 8, 9, 10, 11, 12, 13, 14, 15, 16, 17, 18, 20, 21, 22, 23, 24, 25, 26, 27, 29, 32, 33, 34, 36, 37, 38, 39, 40, 41, 42, 44, 49, 50, 51, 53, 54, 55, 56, 57, 58, 59, 60, 61, 62, 63, 65, 70, 71, 73, 152, 199, 200, 202, 327, 364, 365, 367, 431, 530, 582, 605, 659, 727, 728, 730, 752, 881, 953, 978, 1016, 1067], "summary": {"covered_lines": 65, "num_statements": 66, "percent_covered": 98.48484848484848, "percent_covered_display": "98", "missing_lines": 1, "excluded_lines": 0}, "missing_lines": [1071], "excluded_lines": []}}}, "src/nakala_client/cli/__init__.py": {"executed_lines": [1], "summary": {"covered_lines": 0, "num_statements": 0, "percent_covered": 100.0, "percent_covered_display": "100", "missing_lines": 0, "excluded_lines": 0}, "missing_lines": [], "excluded_lines": [], "functions": {"": {"executed_lines": [1], "summary": {"covered_lines": 0, "num_statements": 0, "percent_covered": 100.0, "percent_covered_display": "100", "missing_lines": 0, "excluded_lines": 0}, "missing_lines": [], "excluded_lines": []}}, "classes": {"": {"executed_lines": [1], "summary": {"covered_lines": 0, "num_statements": 0, "percent_covered": 100.0, "percent_covered_display": "100", "missing_lines": 0, "excluded_lines": 0}, "missing_lines": [], "excluded_lines": []}}}, "src/nakala_client/cli/collection.py": {"executed_lines": [2, 8, 16], "summary": {"covered_lines": 1, "num_statements": 3, "percent_covered": 33.333333333333336, "percent_covered_display": "33", "missing_lines": 2, "excluded_lines": 2}, "missing_lines": [11, 13], "excluded_lines": [16, 17], "functions": {"main": {"executed_lines": [], "summary": {"covered_lines": 0, "num_statements": 2, "percent_covered": 0.0, "percent_covered_display": "0", "missing_lines": 2, "excluded_lines": 0}, "missing_lines": [11, 13], "excluded_lines": []}, "": {"executed_lines": [2, 8, 16], "summary": {"covered_lines": 1, "num_statements": 1, "percent_covered": 100.0, "percent_covered_display": "100", "missing_lines": 0, "excluded_lines": 2}, "missing_lines": [], "excluded_lines": [16, 17]}}, "classes": {"": {"executed_lines": [2, 8, 16], "summary": {"covered_lines": 1, "num_statements": 3, "percent_covered": 33.333333333333336, "percent_covered_display": "33", "missing_lines": 2, "excluded_lines": 2}, "missing_lines": [11, 13], "excluded_lines": [16, 17]}}}, "src/nakala_client/cli/curator.py": {"executed_lines": [2, 8, 16], "summary": {"covered_lines": 1, "num_statements": 3, "percent_covered": 33.333333333333336, "percent_covered_display": "33", "missing_lines": 2, "excluded_lines": 2}, "missing_lines": [11, 13], "excluded_lines": [16, 17], "functions": {"main": {"executed_lines": [], "summary": {"covered_lines": 0, "num_statements": 2, "percent_covered": 0.0, "percent_covered_display": "0", "missing_lines": 2, "excluded_lines": 0}, "missing_lines": [11, 13], "excluded_lines": []}, "": {"executed_lines": [2, 8, 16], "summary": {"covered_lines": 1, "num_statements": 1, "percent_covered": 100.0, "percent_covered_display": "100", "missing_lines": 0, "excluded_lines": 2}, "missing_lines": [], "excluded_lines": [16, 17]}}, "classes": {"": {"executed_lines": [2, 8, 16], "summary": {"covered_lines": 1, "num_statements": 3, "percent_covered": 33.333333333333336, "percent_covered_display": "33", "missing_lines": 2, "excluded_lines": 2}, "missing_lines": [11, 13], "excluded_lines": [16, 17]}}}, "src/nakala_client/cli/upload.py": {"executed_lines": [2, 8, 16], "summary": {"covered_lines": 1, "num_statements": 3, "percent_covered": 33.333333333333336, "percent_covered_display": "33", "missing_lines": 2, "excluded_lines": 2}, "missing_lines": [11, 13], "excluded_lines": [16, 17], "functions": {"main": {"executed_lines": [], "summary": {"covered_lines": 0, "num_statements": 2, "percent_covered": 0.0, "percent_covered_display": "0", "missing_lines": 2, "excluded_lines": 0}, "missing_lines": [11, 13], "excluded_lines": []}, "": {"executed_lines": [2, 8, 16], "summary": {"covered_lines": 1, "num_statements": 1, "percent_covered": 100.0, "percent_covered_display": "100", "missing_lines": 0, "excluded_lines": 2}, "missing_lines": [], "excluded_lines": [16, 17]}}, "classes": {"": {"executed_lines": [2, 8, 16], "summary": {"covered_lines": 1, "num_statements": 3, "percent_covered": 33.333333333333336, "percent_covered_display": "33", "missing_lines": 2, "excluded_lines": 2}, "missing_lines": [11, 13], "excluded_lines": [16, 17]}}}, "src/nakala_client/cli/user_info.py": {"executed_lines": [2, 8, 16], "summary": {"covered_lines": 1, "num_statements": 3, "percent_covered": 33.333333333333336, "percent_covered_display": "33", "missing_lines": 2, "excluded_lines": 2}, "missing_lines": [11, 13], "excluded_lines": [16, 17], "functions": {"main": {"executed_lines": [], "summary": {"covered_lines": 0, "num_statements": 2, "percent_covered": 0.0, "percent_covered_display": "0", "missing_lines": 2, "excluded_lines": 0}, "missing_lines": [11, 13], "excluded_lines": []}, "": {"executed_lines": [2, 8, 16], "summary": {"covered_lines": 1, "num_statements": 1, "percent_covered": 100.0, "percent_covered_display": "100", "missing_lines": 0, "excluded_lines": 2}, "missing_lines": [], "excluded_lines": [16, 17]}}, "classes": {"": {"executed_lines": [2, 8, 16], "summary": {"covered_lines": 1, "num_statements": 3, "percent_covered": 33.333333333333336, "percent_covered_display": "33", "missing_lines": 2, "excluded_lines": 2}, "missing_lines": [11, 13], "excluded_lines": [16, 17]}}}, "src/nakala_client/collaborative_intelligence.py": {"executed_lines": [1, 8, 9, 10, 11, 14, 15, 17, 21, 22, 23, 24, 25, 27, 33, 34, 35, 36, 38, 41, 42, 43, 45, 46, 49, 50, 51, 52, 53, 54, 56, 61, 62, 63, 65, 66, 67, 68, 69, 70, 71, 72, 73, 76, 77, 79, 101, 116, 132, 167, 282, 299, 325, 375, 398, 412, 421, 447, 494, 542, 576, 616, 632, 714, 715, 717, 726, 798, 813, 821, 860, 875], "summary": {"covered_lines": 67, "num_statements": 409, "percent_covered": 16.381418092909534, "percent_covered_display": "16", "missing_lines": 342, "excluded_lines": 0}, "missing_lines": [18, 19, 20, 57, 58, 80, 81, 86, 89, 90, 91, 92, 95, 96, 97, 99, 103, 104, 105, 106, 107, 108, 109, 110, 112, 113, 114, 118, 119, 120, 126, 127, 128, 129, 130, 134, 136, 138, 141, 142, 143, 145, 146, 149, 152, 155, 158, 160, 161, 163, 164, 165, 173, 174, 177, 178, 179, 180, 181, 184, 185, 188, 190, 192, 193, 196, 197, 198, 199, 202, 203, 206, 207, 210, 211, 213, 216, 217, 219, 220, 221, 224, 225, 226, 227, 228, 232, 234, 235, 236, 237, 238, 241, 248, 249, 252, 253, 256, 257, 260, 263, 266, 270, 284, 287, 288, 289, 290, 292, 293, 295, 297, 301, 302, 304, 305, 307, 308, 309, 310, 311, 314, 317, 322, 323, 327, 328, 330, 333, 334, 335, 336, 337, 338, 339, 342, 343, 344, 345, 346, 347, 348, 351, 352, 353, 354, 355, 358, 359, 360, 361, 364, 365, 366, 367, 370, 371, 373, 377, 378, 380, 381, 382, 383, 385, 386, 389, 390, 394, 396, 402, 403, 404, 405, 406, 407, 409, 410, 414, 415, 416, 417, 418, 419, 425, 433, 434, 435, 436, 437, 438, 439, 440, 441, 443, 445, 451, 459, 460, 463, 464, 465, 466, 469, 470, 473, 474, 477, 478, 479, 482, 483, 484, 486, 487, 488, 489, 490, 492, 498, 506, 507, 510, 513, 514, 515, 516, 519, 520, 523, 529, 534, 535, 536, 540, 548, 556, 557, 558, 564, 567, 580, 581, 584, 585, 587, 588, 589, 590, 591, 593, 594, 595, 596, 599, 600, 602, 603, 604, 605, 606, 608, 614, 620, 636, 639, 640, 641, 642, 658, 659, 660, 674, 675, 676, 690, 691, 692, 693, 697, 698, 711, 718, 719, 720, 721, 724, 728, 736, 738, 740, 741, 744, 747, 748, 752, 753, 754, 757, 758, 759, 760, 772, 775, 776, 781, 782, 784, 785, 787, 788, 792, 793, 794, 796, 800, 802, 805, 806, 807, 808, 809, 811, 815, 816, 817, 818, 819, 825, 828, 829, 830, 831, 834, 839, 840, 844, 845, 856, 858, 862, 879], "excluded_lines": [], "functions": {"CollaborativeInsight.__post_init__": {"executed_lines": [], "summary": {"covered_lines": 0, "num_statements": 2, "percent_covered": 0.0, "percent_covered_display": "0", "missing_lines": 2, "excluded_lines": 0}, "missing_lines": [57, 58], "excluded_lines": []}, "CommunityAnalyzer.__init__": {"executed_lines": [], "summary": {"covered_lines": 0, "num_statements": 11, "percent_covered": 0.0, "percent_covered_display": "0", "missing_lines": 11, "excluded_lines": 0}, "missing_lines": [80, 81, 86, 89, 90, 91, 92, 95, 96, 97, 99], "excluded_lines": []}, "CommunityAnalyzer._load_community_data": {"executed_lines": [], "summary": {"covered_lines": 0, "num_statements": 11, "percent_covered": 0.0, "percent_covered_display": "0", "missing_lines": 11, "excluded_lines": 0}, "missing_lines": [103, 104, 105, 106, 107, 108, 109, 110, 112, 113, 114], "excluded_lines": []}, "CommunityAnalyzer._save_community_data": {"executed_lines": [], "summary": {"covered_lines": 0, "num_statements": 8, "percent_covered": 0.0, "percent_covered_display": "0", "missing_lines": 8, "excluded_lines": 0}, "missing_lines": [118, 119, 120, 126, 127, 128, 129, 130], "excluded_lines": []}, "CommunityAnalyzer.analyze_community_patterns": {"executed_lines": [], "summary": {"covered_lines": 0, "num_statements": 17, "percent_covered": 0.0, "percent_covered_display": "0", "missing_lines": 17, "excluded_lines": 0}, "missing_lines": [134, 136, 138, 141, 142, 143, 145, 146, 149, 152, 155, 158, 160, 161, 163, 164, 165], "excluded_lines": []}, "CommunityAnalyzer._compute_community_metrics": {"executed_lines": [], "summary": {"covered_lines": 0, "num_statements": 51, "percent_covered": 0.0, "percent_covered_display": "0", "missing_lines": 51, "excluded_lines": 0}, "missing_lines": [173, 174, 177, 178, 179, 180, 181, 184, 185, 188, 190, 192, 193, 196, 197, 198, 199, 202, 203, 206, 207, 210, 211, 213, 216, 217, 219, 220, 221, 224, 225, 226, 227, 228, 232, 234, 235, 236, 237, 238, 241, 248, 249, 252, 253, 256, 257, 260, 263, 266, 270], "excluded_lines": []}, "CommunityAnalyzer._extract_creators": {"executed_lines": [], "summary": {"covered_lines": 0, "num_statements": 9, "percent_covered": 0.0, "percent_covered_display": "0", "missing_lines": 9, "excluded_lines": 0}, "missing_lines": [284, 287, 288, 289, 290, 292, 293, 295, 297], "excluded_lines": []}, "CommunityAnalyzer._calculate_metadata_completeness": {"executed_lines": [], "summary": {"covered_lines": 0, "num_statements": 13, "percent_covered": 0.0, "percent_covered_display": "0", "missing_lines": 13, "excluded_lines": 0}, "missing_lines": [301, 302, 304, 305, 307, 308, 309, 310, 311, 314, 317, 322, 323], "excluded_lines": []}, "CommunityAnalyzer._estimate_metadata_quality": {"executed_lines": [], "summary": {"covered_lines": 0, "num_statements": 33, "percent_covered": 0.0, "percent_covered_display": "0", "missing_lines": 33, "excluded_lines": 0}, "missing_lines": [327, 328, 330, 333, 334, 335, 336, 337, 338, 339, 342, 343, 344, 345, 346, 347, 348, 351, 352, 353, 354, 355, 358, 359, 360, 361, 364, 365, 366, 367, 370, 371, 373], "excluded_lines": []}, "CommunityAnalyzer._extract_keywords": {"executed_lines": [], "summary": {"covered_lines": 0, "num_statements": 12, "percent_covered": 0.0, "percent_covered_display": "0", "missing_lines": 12, "excluded_lines": 0}, "missing_lines": [377, 378, 380, 381, 382, 383, 385, 386, 389, 390, 394, 396], "excluded_lines": []}, "CommunityAnalyzer._extract_meta_value": {"executed_lines": [], "summary": {"covered_lines": 0, "num_statements": 8, "percent_covered": 0.0, "percent_covered_display": "0", "missing_lines": 8, "excluded_lines": 0}, "missing_lines": [402, 403, 404, 405, 406, 407, 409, 410], "excluded_lines": []}, "CommunityAnalyzer._has_multilingual_metadata": {"executed_lines": [], "summary": {"covered_lines": 0, "num_statements": 6, "percent_covered": 0.0, "percent_covered_display": "0", "missing_lines": 6, "excluded_lines": 0}, "missing_lines": [414, 415, 416, 417, 418, 419], "excluded_lines": []}, "CommunityAnalyzer._compute_quality_distribution": {"executed_lines": [], "summary": {"covered_lines": 0, "num_statements": 12, "percent_covered": 0.0, "percent_covered_display": "0", "missing_lines": 12, "excluded_lines": 0}, "missing_lines": [425, 433, 434, 435, 436, 437, 438, 439, 440, 441, 443, 445], "excluded_lines": []}, "CommunityAnalyzer._analyze_temporal_trends": {"executed_lines": [], "summary": {"covered_lines": 0, "num_statements": 23, "percent_covered": 0.0, "percent_covered_display": "0", "missing_lines": 23, "excluded_lines": 0}, "missing_lines": [451, 459, 460, 463, 464, 465, 466, 469, 470, 473, 474, 477, 478, 479, 482, 483, 484, 486, 487, 488, 489, 490, 492], "excluded_lines": []}, "CommunityAnalyzer._analyze_collaboration_patterns": {"executed_lines": [], "summary": {"covered_lines": 0, "num_statements": 16, "percent_covered": 0.0, "percent_covered_display": "0", "missing_lines": 16, "excluded_lines": 0}, "missing_lines": [498, 506, 507, 510, 513, 514, 515, 516, 519, 520, 523, 529, 534, 535, 536, 540], "excluded_lines": []}, "CommunityAnalyzer._update_community_patterns": {"executed_lines": [], "summary": {"covered_lines": 0, "num_statements": 6, "percent_covered": 0.0, "percent_covered_display": "0", "missing_lines": 6, "excluded_lines": 0}, "missing_lines": [548, 556, 557, 558, 564, 567], "excluded_lines": []}, "CommunityAnalyzer._extract_domain_standards": {"executed_lines": [], "summary": {"covered_lines": 0, "num_statements": 22, "percent_covered": 0.0, "percent_covered_display": "0", "missing_lines": 22, "excluded_lines": 0}, "missing_lines": [580, 581, 584, 585, 587, 588, 589, 590, 591, 593, 594, 595, 596, 599, 600, 602, 603, 604, 605, 606, 608, 614], "excluded_lines": []}, "CommunityAnalyzer._create_minimal_metrics": {"executed_lines": [], "summary": {"covered_lines": 0, "num_statements": 1, "percent_covered": 0.0, "percent_covered_display": "0", "missing_lines": 1, "excluded_lines": 0}, "missing_lines": [620], "excluded_lines": []}, "CommunityAnalyzer.get_community_recommendations": {"executed_lines": [], "summary": {"covered_lines": 0, "num_statements": 18, "percent_covered": 0.0, "percent_covered_display": "0", "missing_lines": 18, "excluded_lines": 0}, "missing_lines": [636, 639, 640, 641, 642, 658, 659, 660, 674, 675, 676, 690, 691, 692, 693, 697, 698, 711], "excluded_lines": []}, "CollaborativeIntelligenceEngine.__init__": {"executed_lines": [], "summary": {"covered_lines": 0, "num_statements": 5, "percent_covered": 0.0, "percent_covered_display": "0", "missing_lines": 5, "excluded_lines": 0}, "missing_lines": [718, 719, 720, 721, 724], "excluded_lines": []}, "CollaborativeIntelligenceEngine.analyze_and_learn": {"executed_lines": [], "summary": {"covered_lines": 0, "num_statements": 28, "percent_covered": 0.0, "percent_covered_display": "0", "missing_lines": 28, "excluded_lines": 0}, "missing_lines": [728, 736, 738, 740, 741, 744, 747, 748, 752, 753, 754, 757, 758, 759, 760, 772, 775, 776, 781, 782, 784, 785, 787, 788, 792, 793, 794, 796], "excluded_lines": []}, "CollaborativeIntelligenceEngine._extract_content_for_analysis": {"executed_lines": [], "summary": {"covered_lines": 0, "num_statements": 8, "percent_covered": 0.0, "percent_covered_display": "0", "missing_lines": 8, "excluded_lines": 0}, "missing_lines": [800, 802, 805, 806, 807, 808, 809, 811], "excluded_lines": []}, "CollaborativeIntelligenceEngine._extract_meta_value": {"executed_lines": [], "summary": {"covered_lines": 0, "num_statements": 5, "percent_covered": 0.0, "percent_covered_display": "0", "missing_lines": 5, "excluded_lines": 0}, "missing_lines": [815, 816, 817, 818, 819], "excluded_lines": []}, "CollaborativeIntelligenceEngine.get_intelligent_suggestions": {"executed_lines": [], "summary": {"covered_lines": 0, "num_statements": 12, "percent_covered": 0.0, "percent_covered_display": "0", "missing_lines": 12, "excluded_lines": 0}, "missing_lines": [825, 828, 829, 830, 831, 834, 839, 840, 844, 845, 856, 858], "excluded_lines": []}, "CollaborativeIntelligenceEngine.get_analysis_summary": {"executed_lines": [], "summar
[...]
_display": "2", "missing_lines": 282, "excluded_lines": 0}, "missing_lines": [154, 161, 163, 164, 165, 167, 168, 170, 176, 177, 178, 179, 180, 182, 188, 189, 190, 191, 195, 196, 197, 203, 205, 209, 210, 211, 213, 221, 223, 224, 225, 227, 228, 231, 232, 233, 237, 240, 255, 256, 266, 267, 268, 269, 270, 279, 285, 289, 304, 305, 306, 309, 310, 311, 312, 313, 315, 324, 325, 326, 329, 330, 332, 333, 334, 341, 342, 343, 344, 345, 347, 350, 355, 357, 360, 367, 368, 373, 374, 378, 384, 385, 386, 387, 388, 389, 390, 391, 392, 396, 397, 400, 402, 403, 406, 407, 408, 409, 410, 411, 413, 414, 415, 416, 417, 420, 422, 423, 427, 430, 431, 432, 434, 435, 436, 437, 440, 441, 442, 443, 446, 447, 449, 450, 451, 454, 458, 459, 464, 468, 469, 473, 477, 478, 480, 482, 483, 484, 488, 489, 490, 493, 494, 496, 497, 498, 499, 503, 505, 507, 508, 510, 511, 513, 514, 515, 516, 518, 519, 520, 521, 524, 534, 535, 538, 546, 547, 548, 549, 550, 552, 553, 554, 555, 557, 561, 563, 564, 565, 567, 569, 570, 571, 575, 576, 580, 582, 584, 585, 586, 588, 589, 590, 591, 593, 594, 597, 600, 601, 602, 605, 613, 616, 623, 633, 634, 638, 639, 653, 654, 656, 658, 659, 660, 661, 662, 663, 664, 665, 667, 671, 672, 674, 676, 677, 678, 680, 681, 684, 685, 687, 688, 690, 691, 695, 697, 698, 699, 700, 702, 705, 706, 708, 709, 711, 712, 714, 720, 722, 724, 725, 726, 728, 729, 731, 732, 733, 735, 736, 737, 738, 739, 740, 742, 744, 745, 746, 748, 750, 751, 753, 761, 762, 764, 765, 766, 767, 768, 769, 770, 771, 773], "excluded_lines": []}, "": {"executed_lines": [1, 7, 8, 9, 10, 11, 12, 13, 14, 15, 16, 19, 29, 31, 34, 35, 37, 42, 81, 94, 106, 114, 138, 139, 141, 156, 159, 193, 199, 219, 235, 281, 287, 293, 317, 320, 394, 425, 475, 501, 559, 578, 649, 669, 718, 757, 776, 801, 871], "summary": {"covered_lines": 45, "num_statements": 78, "percent_covered": 57.69230769230769, "percent_covered_display": "58", "missing_lines": 33, "excluded_lines": 2}, "missing_lines": [790, 791, 792, 793, 794, 795, 797, 798, 803, 804, 807, 808, 813, 816, 822, 825, 826, 832, 838, 841, 842, 844, 846, 856, 858, 859, 860, 861, 863, 864, 866, 867, 868], "excluded_lines": [871, 872]}}}, "src/nakala_client/user_info.py": {"executed_lines": [1, 8, 9, 10, 11, 12, 13, 16, 17, 18, 20, 23, 24, 26, 30, 55, 100, 148, 171, 202, 225, 233, 242, 278, 395], "summary": {"covered_lines": 22, "num_statements": 172, "percent_covered": 12.790697674418604, "percent_covered_display": "13", "missing_lines": 150, "excluded_lines": 3}, "missing_lines": [27, 28, 32, 33, 34, 36, 37, 39, 40, 52, 53, 57, 58, 59, 63, 65, 68, 70, 71, 73, 74, 75, 94, 96, 97, 98, 102, 103, 104, 108, 110, 113, 115, 116, 118, 119, 120, 142, 144, 145, 146, 152, 153, 156, 157, 158, 160, 161, 164, 165, 166, 167, 169, 173, 174, 175, 177, 178, 180, 181, 183, 184, 185, 196, 198, 199, 200, 204, 206, 215, 223, 227, 228, 229, 230, 231, 235, 236, 237, 238, 239, 240, 244, 245, 247, 248, 249, 251, 252, 255, 256, 257, 258, 260, 261, 262, 263, 265, 266, 267, 268, 270, 271, 272, 273, 275, 280, 299, 303, 309, 313, 319, 325, 329, 336, 340, 343, 344, 346, 348, 350, 351, 352, 355, 358, 359, 360, 361, 362, 363, 365, 366, 367, 368, 369, 370, 372, 373, 374, 375, 376, 377, 381, 382, 385, 386, 388, 390, 391, 392], "excluded_lines": [395, 396, 398], "functions": {"NakalaUserInfoClient.__init__": {"executed_lines": [], "summary": {"covered_lines": 0, "num_statements": 2, "percent_covered": 0.0, "percent_covered_display": "0", "missing_lines": 2, "excluded_lines": 0}, "missing_lines": [27, 28], "excluded_lines": []}, "NakalaUserInfoClient.get_user_info": {"executed_lines": [], "summary": {"covered_lines": 0, "num_statements": 9, "percent_covered": 0.0, "percent_covered_display": "0", "missing_lines": 9, "excluded_lines": 0}, "missing_lines": [32, 33, 34, 36, 37, 39, 40, 52, 53], "excluded_lines": []}, "NakalaUserInfoClient.get_user_collections": {"executed_lines": [], "summary": {"covered_lines": 0, "num_statements": 15, "percent_covered": 0.0, "percent_covered_display": "0", "missing_lines": 15, "excluded_lines": 0}, "missing_lines": [57, 58, 59, 63, 65, 68, 70, 71, 73, 74, 75, 94, 96, 97, 98], "excluded_lines": []}, "NakalaUserInfoClient.get_user_datasets": {"executed_lines": [], "summary": {"covered_lines": 0, "num_statements": 15, "percent_covered": 0.0, "percent_covered_display": "0", "missing_lines": 15, "excluded_lines": 0}, "missing_lines": [102, 103, 104, 108, 110, 113, 115, 116, 118, 119, 120, 142, 144, 145, 146], "excluded_lines": []}, "NakalaUserInfoClient._extract_metadata_value": {"executed_lines": [], "summary": {"covered_lines": 0, "num_statements": 12, "percent_covered": 0.0, "percent_covered_display": "0", "missing_lines": 12, "excluded_lines": 0}, "missing_lines": [152, 153, 156, 157, 158, 160, 161, 164, 165, 166, 167, 169], "excluded_lines": []}, "NakalaUserInfoClient.get_user_groups": {"executed_lines": [], "summary": {"covered_lines": 0, "num_statements": 14, "percent_covered": 0.0, "percent_covered_display": "0", "missing_lines": 14, "excluded_lines": 0}, "missing_lines": [173, 174, 175, 177, 178, 180, 181, 183, 184, 185, 196, 198, 199, 200], "excluded_lines": []}, "NakalaUserInfoClient.get_complete_user_profile": {"executed_lines": [], "summary": {"covered_lines": 0, "num_statements": 4, "percent_covered": 0.0, "percent_covered_display": "0", "missing_lines": 4, "excluded_lines": 0}, "missing_lines": [204, 206, 215, 223], "excluded_lines": []}, "NakalaUserInfoClient._count_by_status": {"executed_lines": [], "summary": {"covered_lines": 0, "num_statements": 5, "percent_covered": 0.0, "percent_covered_display": "0", "missing_lines": 5, "excluded_lines": 0}, "missing_lines": [227, 228, 229, 230, 231], "excluded_lines": []}, "NakalaUserInfoClient.export_to_json": {"executed_lines": [], "summary": {"covered_lines": 0, "num_statements": 6, "percent_covered": 0.0, "percent_covered_display": "0", "missing_lines": 6, "excluded_lines": 0}, "missing_lines": [235, 236, 237, 238, 239, 240], "excluded_lines": []}, "NakalaUserInfoClient.print_summary": {"executed_lines": [], "summary": {"covered_lines": 0, "num_statements": 24, "percent_covered": 0.0, "percent_covered_display": "0", "missing_lines": 24, "excluded_lines": 0}, "missing_lines": [244, 245, 247, 248, 249, 251, 252, 255, 256, 257, 258, 260, 261, 262, 263, 265, 266, 267, 268, 270, 271, 272, 273, 275], "excluded_lines": []}, "main": {"executed_lines": [], "summary": {"covered_lines": 0, "num_statements": 44, "percent_covered": 0.0, "percent_covered_display": "0", "missing_lines": 44, "excluded_lines": 0}, "missing_lines": [280, 299, 303, 309, 313, 319, 325, 329, 336, 340, 343, 344, 346, 348, 350, 351, 352, 355, 358, 359, 360, 361, 362, 363, 365, 366, 367, 368, 369, 370, 372, 373, 374, 375, 376, 377, 381, 382, 385, 386, 388, 390, 391, 392], "excluded_lines": []}, "": {"executed_lines": [1, 8, 9, 10, 11, 12, 13, 16, 17, 18, 20, 23, 24, 26, 30, 55, 100, 148, 171, 202, 225, 233, 242, 278, 395], "summary": {"covered_lines": 22, "num_statements": 22, "percent_covered": 100.0, "percent_covered_display": "100", "missing_lines": 0, "excluded_lines": 3}, "missing_lines": [], "excluded_lines": [395, 396, 398]}}, "classes": {"NakalaUserInfoClient": {"executed_lines": [], "summary": {"covered_lines": 0, "num_statements": 106, "percent_covered": 0.0, "percent_covered_display": "0", "missing_lines": 106, "excluded_lines": 0}, "missing_lines": [27, 28, 32, 33, 34, 36, 37, 39, 40, 52, 53, 57, 58, 59, 63, 65, 68, 70, 71, 73, 74, 75, 94, 96, 97, 98, 102, 103, 104, 108, 110, 113, 115, 116, 118, 119, 120, 142, 144, 145, 146, 152, 153, 156, 157, 158, 160, 161, 164, 165, 166, 167, 169, 173, 174, 175, 177, 178, 180, 181, 183, 184, 185, 196, 198, 199, 200, 204, 206, 215, 223, 227, 228, 229, 230, 231, 235, 236, 237, 238, 239, 240, 244, 245, 247, 248, 249, 251, 252, 255, 256, 257, 258, 260, 261, 262, 263, 265, 266, 267, 268, 270, 271, 272, 273, 275], "excluded_lines": []}, "": {"executed_lines": [1, 8, 9, 10, 11, 12, 13, 16, 17, 18, 20, 23, 24, 26, 30, 55, 100, 148, 171, 202, 225, 233, 242, 278, 395], "summary": {"covered_lines": 22, "num_statements": 66, "percent_covered": 33.333333333333336, "percent_covered_display": "33", "missing_lines": 44, "excluded_lines": 3}, "missing_lines": [280, 299, 303, 309, 313, 319, 325, 329, 336, 340, 343, 344, 346, 348, 350, 351, 352, 355, 358, 359, 360, 361, 362, 363, 365, 366, 367, 368, 369, 370, 372, 373, 374, 375, 376, 377, 381, 382, 385, 386, 388, 390, 391, 392], "excluded_lines": [395, 396, 398]}}}, "src/nakala_client/vocabulary.py": {"executed_lines": [1, 8, 9, 10, 11, 12, 13, 14, 15, 17, 18, 19, 21, 24, 25, 26, 28, 29, 30, 31, 32, 33, 34, 37, 38, 39, 41, 42, 43, 44, 45, 46, 47, 48, 49, 50, 52, 57, 58, 60, 67, 71, 86, 100, 112, 123, 124, 126, 133, 194, 211, 249, 253, 274, 279, 314, 315, 317, 320, 357, 377, 389, 421, 448, 456], "summary": {"covered_lines": 59, "num_statements": 237, "percent_covered": 24.89451476793249, "percent_covered_display": "25", "missing_lines": 178, "excluded_lines": 0}, "missing_lines": [53, 54, 61, 64, 65, 69, 73, 74, 75, 77, 78, 79, 80, 81, 82, 83, 84, 88, 89, 91, 92, 93, 94, 95, 96, 97, 98, 102, 103, 104, 105, 106, 108, 109, 110, 114, 115, 116, 117, 119, 120, 127, 128, 129, 130, 131, 137, 139, 148, 150, 151, 154, 155, 156, 157, 158, 161, 164, 165, 166, 169, 172, 173, 175, 179, 180, 182, 183, 184, 185, 189, 191, 192, 196, 197, 199, 201, 202, 206, 207, 208, 209, 215, 218, 219, 220, 221, 223, 225, 226, 227, 236, 237, 239, 245, 247, 251, 257, 258, 260, 261, 262, 267, 269, 270, 272, 276, 277, 283, 284, 286, 289, 290, 291, 294, 295, 298, 301, 302, 306, 308, 309, 311, 318, 324, 325, 328, 331, 334, 337, 340, 342, 355, 362, 363, 366, 367, 368, 369, 370, 371, 372, 373, 375, 379, 380, 381, 382, 383, 384, 385, 386, 387, 393, 395, 397, 398, 399, 402, 403, 407, 408, 412, 413, 414, 415, 416, 417, 419, 425, 426, 428, 430, 444, 452, 462, 463, 464], "excluded_lines": [], "functions": {"FieldSchema.__post_init__": {"executed_lines": [], "summary": {"covered_lines": 0, "num_statements": 2, "percent_covered": 0.0, "percent_covered_display": "0", "missing_lines": 2, "excluded_lines": 0}, "missing_lines": [53, 54], "excluded_lines": []}, "NakalaVocabularyCache.__init__": {"executed_lines": [], "summary": {"covered_lines": 0, "num_statements": 3, "percent_covered": 0.0, "percent_covered_display": "0", "missing_lines": 3, "excluded_lines": 0}, "missing_lines": [61, 64, 65], "excluded_lines": []}, "NakalaVocabularyCache._get_cache_file": {"executed_lines": [], "summary": {"covered_lines": 0, "num_statements": 1, "percent_covered": 0.0, "percent_covered_display": "0", "missing_lines": 1, "excluded_lines": 0}, "missing_lines": [69], "excluded_lines": []}, "NakalaVocabularyCache.is_cached": {"executed_lines": [], "summary": {"covered_lines": 0, "num_statements": 11, "percent_covered": 0.0, "percent_covered_display": "0", "missing_lines": 11, "excluded_lines": 0}, "missing_lines": [73, 74, 75, 77, 78, 79, 80, 81, 82, 83, 84], "excluded_lines": []}, "NakalaVocabularyCache.get_cached": {"executed_lines": [], "summary": {"covered_lines": 0, "num_statements": 10, "percent_covered": 0.0, "percent_covered_display": "0", "missing_lines": 10, "excluded_lines": 0}, "missing_lines": [88, 89, 91, 92, 93, 94, 95, 96, 97, 98], "excluded_lines": []}, "NakalaVocabularyCache.set_cached": {"executed_lines": [], "summary": {"covered_lines": 0, "num_statements": 8, "percent_covered": 0.0, "percent_covered_display": "0", "missing_lines": 8, "excluded_lines": 0}, "missing_lines": [102, 103, 104, 105, 106, 108, 109, 110], "excluded_lines": []}, "NakalaVocabularyCache.clear_cache": {"executed_lines": [], "summary": {"covered_lines": 0, "num_statements": 6, "percent_covered": 0.0, "percent_covered_display": "0", "missing_lines": 6, "excluded_lines": 0}, "missing_lines": [114, 115, 116, 117, 119, 120], "excluded_lines": []}, "NakalaVocabularyService.__init__": {"executed_lines": [], "summary": {"covered_lines": 0, "num_statements": 5, "percent_covered": 0.0, "percent_covered_display": "0", "missing_lines": 5, "excluded_lines": 0}, "missing_lines": [127, 128, 129, 130, 131], "excluded_lines": []}, "NakalaVocabularyService.discover_vocabularies": {"executed_lines": [], "summary": {"covered_lines": 0, "num_statements": 27, "percent_covered": 0.0, "percent_covered_display": "0", "missing_lines": 27, "excluded_lines": 0}, "missing_lines": [137, 139, 148, 150, 151, 154, 155, 156, 157, 158, 161, 164, 165, 166, 169, 172, 173, 175, 179, 180, 182, 183, 184, 185, 189, 191, 192], "excluded_lines": []}, "NakalaVocabularyService._fetch_vocabulary": {"executed_lines": [], "summary": {"covered_lines": 0, "num_statements": 9, "percent_covered": 0.0, "percent_covered_display": "0", "missing_lines": 9, "excluded_lines": 0}, "missing_lines": [196, 197, 199, 201, 202, 206, 207, 208, 209], "excluded_lines": []}, "NakalaVocabularyService._parse_vocabulary_response": {"executed_lines": [], "summary": {"covered_lines": 0, "num_statements": 14, "percent_covered": 0.0, "percent_covered_display": "0", "missing_lines": 14, "excluded_lines": 0}, "missing_lines": [215, 218, 219, 220, 221, 223, 225, 226, 227, 236, 237, 239, 245, 247], "excluded_lines": []}, "NakalaVocabularyService.get_vocabulary": {"executed_lines": [], "summary": {"covered_lines": 0, "num_statements": 1, "percent_covered": 0.0, "percent_covered_display": "0", "missing_lines": 1, "excluded_lines": 0}, "missing_lines": [251], "excluded_lines": []}, "NakalaVocabularyService.search_vocabulary": {"executed_lines": [], "summary": {"covered_lines": 0, "num_statements": 9, "percent_covered": 0.0, "percent_covered_display": "0", "missing_lines": 9, "excluded_lines": 0}, "missing_lines": [257, 258, 260, 261, 262, 267, 269, 270, 272], "excluded_lines": []}, "NakalaVocabularyService.validate_vocabulary_value": {"executed_lines": [], "summary": {"covered_lines": 0, "num_statements": 2, "percent_covered": 0.0, "percent_covered_display": "0", "missing_lines": 2, "excluded_lines": 0}, "missing_lines": [276, 277], "excluded_lines": []}, "NakalaVocabularyService.get_vocabulary_suggestions": {"executed_lines": [], "summary": {"covered_lines": 0, "num_statements": 15, "percent_covered": 0.0, "percent_covered_display": "0", "missing_lines": 15, "excluded_lines": 0}, "missing_lines": [283, 284, 286, 289, 290, 291, 294, 295, 298, 301, 302, 306, 308, 309, 311], "excluded_lines": []}, "MetadataSchemaGenerator.__init__": {"executed_lines": [], "summary": {"covered_lines": 0, "num_statements": 1, "percent_covered": 0.0, "percent_covered_display": "0", "missing_lines": 1, "excluded_lines": 0}, "missing_lines": [318], "excluded_lines": []}, "MetadataSchemaGenerator.generate_field_schema": {"executed_lines": [], "summary": {"covered_lines": 0, "num_statements": 9, "percent_covered": 0.0, "percent_covered_display": "0", "missing_lines": 9, "excluded_lines": 0}, "missing_lines": [324, 325, 328, 331, 334, 337, 340, 342, 355], "excluded_lines": []}, "MetadataSchemaGenerator._determine_data_type": {"executed_lines": [], "summary": {"covered_lines": 0, "num_statements": 11, "percent_covered": 0.0, "percent_covered_display": "0", "missing_lines": 11, "excluded_lines": 0}, "missing_lines": [362, 363, 366, 367, 368, 369, 370, 371, 372, 373, 375], "excluded_lines": []}, "MetadataSchemaGenerator._get_controlled_vocabulary": {"executed_lines": [], "summary": {"covered_lines": 0, "num_statements": 9, "percent_covered": 0.0, "percent_covered_display": "0", "missing_lines": 9, "excluded_lines": 0}, "missing_lines": [379, 380, 381, 382, 383, 384, 385, 386, 387], "excluded_lines": []}, "MetadataSchemaGenerator._generate_examples": {"executed_lines": [], "summary": {"covered_lines": 0, "num_statements": 16, "percent_covered": 0.0, "percent_covered_display": "0", "missing_lines": 16, "excluded_lines": 0}, "missing_lines": [393, 395, 397, 398, 399, 402, 403, 407, 408, 412, 413, 414, 415, 416, 417, 419], "excluded_lines": []}, "MetadataSchemaGenerator._generate_help_text": {"executed_lines": [], "summary": {"covered_lines": 0, "num_statements": 5, "percent_covered": 0.0, "percent_covered_display": "0", "missing_lines": 5, "excluded_lines": 0}, "missing_lines": [425, 426, 428, 430, 444], "excluded_lines": []}, "create_vocabulary_service": {"executed_lines": [], "summary": {"covered_lines": 0, "num_statements": 1, "percent_covered": 0.0, "percent_covered_display": "0", "missing_lines": 1, "excluded_lines": 0}, "missing_lines": [452], "excluded_lines": []}, "discover_nakala_vocabularies": {"executed_lines": [], "summary": {"covered_lines": 0, "num_statements": 3, "percent_covered": 0.0, "percent_covered_display": "0", "missing_lines": 3, "excluded_lines": 0}, "missing_lines": [462, 463, 464], "excluded_lines": []}, "": {"executed_lines": [1, 8, 9, 10, 11, 12, 13, 14, 15, 17, 18, 19, 21, 24, 25, 26, 28, 29, 30, 31, 32, 33, 34, 37, 38, 39, 41, 42, 43, 44, 45, 46, 47, 48, 49, 50, 52, 57, 58, 60, 67, 71, 86, 100, 112, 123, 124, 126, 133, 194, 211, 249, 253, 274, 279, 314, 315, 317, 320, 357, 377, 389, 421, 448, 456], "summary": {"covered_lines": 59, "num_statements": 59, "percent_covered": 100.0, "percent_covered_display": "100", "missing_lines": 0, "excluded_lines": 0}, "missing_lines": [], "excluded_lines": []}}, "classes": {"VocabularyEntry": {"executed_lines": [], "summary": {"covered_lines": 0, "num_statements": 0, "percent_covered": 100.0, "percent_covered_display": "100", "missing_lines": 0, "excluded_lines": 0}, "missing_lines": [], "excluded_lines": []}, "FieldSchema": {"executed_lines": [], "summary": {"covered_lines": 0, "num_statements": 2, "percent_covered": 0.0, "percent_covered_display": "0", "missing_lines": 2, "excluded_lines": 0}, "missing_lines": [53, 54], "excluded_lines": []}, "NakalaVocabularyCache": {"executed_lines": [], "summary": {"covered_lines": 0, "num_statements": 39, "percent_covered": 0.0, "percent_covered_display": "0", "missing_lines": 39, "excluded_lines": 0}, "missing_lines": [61, 64, 65, 69, 73, 74, 75, 77, 78, 79, 80, 81, 82, 83, 84, 88, 89, 91, 92, 93, 94, 95, 96, 97, 98, 102, 103, 104, 105, 106, 108, 109, 110, 114, 115, 116, 117, 119, 120], "excluded_lines": []}, "NakalaVocabularyService": {"executed_lines": [], "summary": {"covered_lines": 0, "num_statements": 82, "percent_covered": 0.0, "percent_covered_display": "0", "missing_lines": 82, "excluded_lines": 0}, "missing_lines": [127, 128, 129, 130, 131, 137, 139, 148, 150, 151, 154, 155, 156, 157, 158, 161, 164, 165, 166, 169, 172, 173, 175, 179, 180, 182, 183, 184, 185, 189, 191, 192, 196, 197, 199, 201, 202, 206, 207, 208, 209, 215, 218, 219, 220, 221, 223, 225, 226, 227, 236, 237, 239, 245, 247, 251, 257, 258, 260, 261, 262, 267, 269, 270, 272, 276, 277, 283, 284, 286, 289, 290, 291, 294, 295, 298, 301, 302, 306, 308, 309, 311], "excluded_lines": []}, "MetadataSchemaGenerator": {"executed_lines": [], "summary": {"covered_lines": 0, "num_statements": 51, "percent_covered": 0.0, "percent_covered_display": "0", "missing_lines": 51, "excluded_lines": 0}, "missing_lines": [318, 324, 325, 328, 331, 334, 337, 340, 342, 355, 362, 363, 366, 367, 368, 369, 370, 371, 372, 373, 375, 379, 380, 381, 382, 383, 384, 385, 386, 387, 393, 395, 397, 398, 399, 402, 403, 407, 408, 412, 413, 414, 415, 416, 417, 419, 425, 426, 428, 430, 444], "excluded_lines": []}, "": {"executed_lines": [1, 8, 9, 10, 11, 12, 13, 14, 15, 17, 18, 19, 21, 24, 25, 26, 28, 29, 30, 31, 32, 33, 34, 37, 38, 39, 41, 42, 43, 44, 45, 46, 47, 48, 49, 50, 52, 57, 58, 60, 67, 71, 86, 100, 112, 123, 124, 126, 133, 194, 211, 249, 253, 274, 279, 314, 315, 317, 320, 357, 377, 389, 421, 448, 456], "summary": {"covered_lines": 59, "num_statements": 63, "percent_covered": 93.65079365079364, "percent_covered_display": "94", "missing_lines": 4, "excluded_lines": 0}, "missing_lines": [452, 462, 463, 464], "excluded_lines": []}}}}, "totals": {"covered_lines": 905, "num_statements": 6186, "percent_covered": 14.629809246686065, "percent_covered_display": "15", "missing_lines": 5281, "excluded_lines": 18}}